#
# A fatal error has been detected by the Java Runtime Environment:
#
#  SIGSEGV (0xb) at pc=0x00007ff81e206e10, pid=12241, tid=259
#
# JRE version: Java(TM) SE Runtime Environment (16.0+36) (build 16+36-2231)
# Java VM: Java HotSpot(TM) 64-Bit Server VM (16+36-2231, mixed mode, sharing, tiered, compressed oops, g1 gc, bsd-amd64)
# Problematic frame:
# C  [libsystem_platform.dylib+0x3e10]  _sigtramp+0x0
#
# No core dump will be written. Core dumps have been disabled. To enable core dumping, try "ulimit -c unlimited" before starting Java again
#
# If you would like to submit a bug report, please visit:
#   https://bugreport.java.com/bugreport/crash.jsp
#

---------------  S U M M A R Y ------------

Command Line: -javaagent:/Applications/IntelliJ IDEA.app/Contents/lib/idea_rt.jar=52236:/Applications/IntelliJ IDEA.app/Contents/bin -Dfile.encoding=UTF-8 --module-path=/Users/bhageshgaur/.m2/repository/eu/hansolo/tilesfx/11.48/tilesfx-11.48.jar:/Users/bhageshgaur/.m2/repository/org/openjfx/javafx-base/16/javafx-base-16-mac.jar:/Users/bhageshgaur/Desktop/gui/target/classes:/Users/bhageshgaur/.m2/repository/org/openjfx/javafx-controls/16/javafx-controls-16-mac.jar:/Users/bhageshgaur/.m2/repository/org/openjfx/javafx-graphics/16/javafx-graphics-16-mac.jar:/Users/bhageshgaur/.m2/repository/org/openjfx/javafx-media/16/javafx-media-16-mac.jar:/Users/bhageshgaur/.m2/repository/org/kordamp/ikonli/ikonli-javafx/12.2.0/ikonli-javafx-12.2.0.jar:/Users/bhageshgaur/.m2/repository/org/controlsfx/controlsfx/11.1.0/controlsfx-11.1.0.jar:/Users/bhageshgaur/.m2/repository/net/synedra/validatorfx/0.1.13/validatorfx-0.1.13.jar:/Users/bhageshgaur/.m2/repository/org/openjfx/javafx-web/16/javafx-web-16-mac.jar:/Users/bhageshgaur/.m2/repository/org/kordamp/ikonli/ikonli-core/12.2.0/ikonli-core-12.2.0.jar:/Users/bhageshgaur/.m2/repository/com/dlsc/formsfx/formsfx-core/11.3.2/formsfx-core-11.3.2.jar:/Users/bhageshgaur/.m2/repository/org/openjfx/javafx-fxml/16/javafx-fxml-16-mac.jar:/Users/bhageshgaur/.m2/repository/org/kordamp/bootstrapfx/bootstrapfx-core/0.4.0/bootstrapfx-core-0.4.0.jar -Djdk.module.main=com.example.gui com.example.gui/com.example.gui.Game

Host: MacBookPro17,1 x86_64 2400 MHz, 8 cores, 16G, Darwin 21.1.0, macOS 10.16 (21A559)
Time: Fri Dec 10 23:52:16 2021 IST elapsed time: 10.475789 seconds (0d 0h 0m 10s)

---------------  T H R E A D  ---------------

Current thread (0x00007fbe48b20400):  JavaThread "JavaFX Application Thread" [_thread_in_Java, id=259, stack(0x0000000307b7d000,0x000000030837d000)]

Stack: [0x0000000307b7d000,0x000000030837d000],  sp=0x0000000308375198,  free space=8160k
Native frames: (J=compiled Java code, A=aot compiled Java code, j=interpreted, Vv=VM code, C=native code)
C  [libsystem_platform.dylib+0x3e10]  _sigtramp+0x0


siginfo: si_signo: 11 (SIGSEGV), si_code: 1 (SEGV_MAPERR), si_addr: 0x0000000000000000

Register to memory mapping:

RAX=0x0000000002000003 is an unknown value
RBX=0x00007fbe48b20710 points into unknown readable memory: 0x000000010c3b8eb8 | b8 8e 3b 0c 01 00 00 00
RCX=0x000000010b664020 points into unknown readable memory: 0x0000000000000002 | 02 00 00 00 00 00 00 00
RDX=0x0000000000000002 is an unknown value
RSP=0x0000000308375198 is pointing into the stack for thread: 0x00007fbe48b20400
RBP=0x00000003083756a0 is pointing into the stack for thread: 0x00007fbe48b20400
RSI=0x000000000000001e is an unknown value
RDI=0x000000010c0a3de0: _ZL11UserHandleriPvS_+0 in /Library/Java/JavaVirtualMachines/jdk-16.jdk/Contents/Home/lib/server/libjvm.dylib at 0x000000010b75f000
R8 =0x000000010b664088 points into unknown readable memory: 0x0000000400000000 | 00 00 00 00 04 00 00 00
R9 =0xdcb4b42d2c26496c is an unknown value
R10=0x00007fbe499cd200 points into unknown readable memory: 0x9f1a34dec3bb2844 | 44 28 bb c3 de 34 1a 9f
R11=0x0000000000000018 is an unknown value
R12=0x0 is NULL
R13=0x00000000000003ff is an unknown value
R14=0x00007fbe499cd200 points into unknown readable memory: 0x9f1a34dec3bb2844 | 44 28 bb c3 de 34 1a 9f
R15=0x0000000000000001 is an unknown value


Registers:
RAX=0x0000000002000003, RBX=0x00007fbe48b20710, RCX=0x000000010b664020, RDX=0x0000000000000002
RSP=0x0000000308375198, RBP=0x00000003083756a0, RSI=0x000000000000001e, RDI=0x000000010c0a3de0
R8 =0x000000010b664088, R9 =0xdcb4b42d2c26496c, R10=0x00007fbe499cd200, R11=0x0000000000000018
R12=0x0000000000000000, R13=0x00000000000003ff, R14=0x00007fbe499cd200, R15=0x0000000000000001
RIP=0x00007ff81e206e10, EFLAGS=0x0000000000000203, ERR=0x0000000000000004
  TRAPNO=0x000000000000000e

Top of Stack: (sp=0x0000000308375198)
0x0000000308375198:   00000003083751e0 00000003083755d8
0x00000003083751a8:   0000000000000001 0000000000000000
0x00000003083751b8:   0000000000000000 0000000000000001
0x00000003083751c8:   000000010c2570ae 00000003083764d0
0x00000003083751d8:   000000010b9b98a9 00000003083764e0
0x00000003083751e8:   0000000115615399 0000000115615310
0x00000003083751f8:   0000000000000000 0000000308375220
0x0000000308375208:   0000000000000000 0000000000000018
0x0000000308375218:   0000000000000018 0000000000000000
0x0000000308375228:   00000003083755d8 0000000308375240
0x0000000308375238:   0000000000000000 000000010c2570b0
0x0000000308375248:   0000000000000001 00007fbe49aa0ac0
0x0000000308375258:   0000000000000008 0000000308376508
0x0000000308375268:   00000003083752b0 0000000308375290
0x0000000308375278:   000000010ba5c3a2 0000000308376710
0x0000000308375288:   0000000308375320 00000003083752d0
0x0000000308375298:   000000010bb4cf5a 0000000115615399
0x00000003083752a8:   0000000308376578 00000001161c7228
0x00000003083752b8:   00007fbe48b207d0 00000003083752f0
0x00000003083752c8:   000000010c0b6995 00007fbe49aa0ad0
0x00000003083752d8:   0000000308375320 0000000308376578
0x00000003083752e8:   0000000308376548 0000000000000018
0x00000003083752f8:   000000010bb4c99a 0000000300000000
0x0000000308375308:   0000000308375320 0000000000000000
0x0000000308375318:   0000000308375870 0000000308375878
0x0000000308375328:   ffffffffffffffff 0000000000000019
0x0000000308375338:   00007ff85f9937e0 0000000308376620
0x0000000308375348:   0000000200586620 0000003000000010
0x0000000308375358:   00000003083760a0 00000003083757c0
0x0000000308375368:   00007fbe49011780 0000000308375390
0x0000000308375378:   000000010bb815d6 000060000007b390
0x0000000308375388:   00007fbe4a80d400 00000003083753b0 

Instructions: (pc=0x00007ff81e206e10)
0x00007ff81e206d10:   8d 05 70 48 00 00 48 89 47 08 c7 47 10 ff ff ff
0x00007ff81e206d20:   ff c3 48 b8 10 00 e0 ff ff 7f 00 00 f6 40 07 40
0x00007ff81e206d30:   75 27 8b 40 30 3d eb 5e 3b 57 7e 25 3d ec 5e 3b
0x00007ff81e206d40:   57 74 0e 3d bc 4f ea 78 74 2d 3d d2 4c 5a 6b 75
0x00007ff81e206d50:   1e 48 8d 05 e8 02 00 00 c3 48 8d 05 a0 29 00 00
0x00007ff81e206d60:   c3 3d 35 e8 65 1f 74 17 3d 8c b7 90 54 74 e2 48
0x00007ff81e206d70:   8d 05 2a d4 ff ff c3 48 8d 05 22 30 00 00 c3 48
0x00007ff81e206d80:   8d 05 7a 02 00 00 c3 48 b8 10 00 e0 ff ff 7f 00
0x00007ff81e206d90:   00 f6 40 07 40 75 2b 8b 48 30 48 8d 05 bf 39 00
0x00007ff81e206da0:   00 81 f9 eb 5e 3b 57 7e 21 81 f9 ec 5e 3b 57 74
0x00007ff81e206db0:   10 81 f9 d2 4c 5a 6b 74 08 81 f9 bc 4f ea 78 75
0x00007ff81e206dc0:   19 c3 48 8d 05 58 2e 00 00 c3 81 f9 35 e8 65 1f
0x00007ff81e206dd0:   74 10 81 f9 8c b7 90 54 74 e7 48 8d 05 1f d8 ff
0x00007ff81e206de0:   ff c3 48 8d 05 37 01 00 00 c3 b9 ff ff ff ff 31
0x00007ff81e206df0:   c0 f0 0f b1 0f 0f 85 06 05 00 00 c3 c7 07 00 00
0x00007ff81e206e00:   00 00 c3 90 90 90 90 90 90 90 90 90 90 90 90 90
0x00007ff81e206e10:   55 48 89 e5 48 89 f8 ff 05 b3 03 79 41 4c 89 c3
0x00007ff81e206e20:   4d 89 cc 89 d7 48 89 ce 4c 89 c2 ff d0 ff 0d 9d
0x00007ff81e206e30:   03 79 41 48 89 df be 1e 00 00 00 4c 89 e2 e8 73
0x00007ff81e206e40:   42 00 00 0f 0b c3 48 8b 07 ff 60 08 65 8b 0c 25
0x00007ff81e206e50:   18 00 00 00 31 c0 f0 0f b1 4f 08 0f 85 0f 00 00
0x00007ff81e206e60:   00 c3 48 8b 07 ff 60 18 c7 47 08 00 00 00 00 c3
0x00007ff81e206e70:   55 48 89 e5 41 57 41 56 41 55 41 54 53 50 48 89
0x00007ff81e206e80:   fb 65 44 8b 34 25 18 00 00 00 41 bf 04 00 00 00
0x00007ff81e206e90:   41 bc 01 00 00 00 41 bd 9c ff ff ff b9 05 00 00
0x00007ff81e206ea0:   00 8b 43 08 85 c0 75 0a 31 c0 f0 44 0f b1 73 08
0x00007ff81e206eb0:   74 2f 44 39 f0 74 39 45 85 ed 44 0f 44 f9 89 c7
0x00007ff81e206ec0:   44 89 fe 44 89 e2 e8 ff 42 00 00 b9 05 00 00 00
0x00007ff81e206ed0:   31 c0 41 83 ff 05 0f 94 c0 41 01 c4 41 ff c5 eb
0x00007ff81e206ee0:   c0 48 83 c4 08 5b 41 5c 41 5d 41 5e 41 5f 5d c3
0x00007ff81e206ef0:   44 89 f7 e8 8c 40 00 00 65 8b 14 25 18 00 00 00
0x00007ff81e206f00:   31 c0 f0 0f b1 57 08 75 01 c3 48 83 c7 08 31 f6 


Stack slot to memory mapping:
stack at sp + 0 slots: 0x00000003083751e0 is pointing into the stack for thread: 0x00007fbe48b20400
stack at sp + 1 slots: 0x00000003083755d8 is pointing into the stack for thread: 0x00007fbe48b20400
stack at sp + 2 slots: 0x0000000000000001 is an unknown value
stack at sp + 3 slots: 0x0 is NULL
stack at sp + 4 slots: 0x0 is NULL
stack at sp + 5 slots: 0x0000000000000001 is an unknown value
stack at sp + 6 slots: 0x000000010c2570ae: <offset 0xaf80ae> in /Library/Java/JavaVirtualMachines/jdk-16.jdk/Contents/Home/lib/server/libjvm.dylib at 0x000000010b75f000
stack at sp + 7 slots: 0x00000003083764d0 is pointing into the stack for thread: 0x00007fbe48b20400


---------------  P R O C E S S  ---------------

Threads class SMR info:
_java_thread_list=0x0000600003fc6ee0, length=20, elements={
0x00007fbe4980c800, 0x00007fbe4a859400, 0x00007fbe48808c00, 0x00007fbe4a00b800,
0x00007fbe4a009600, 0x00007fbe4a011000, 0x00007fbe4a011600, 0x00007fbe4a85b600,
0x00007fbe39010200, 0x00007fbe4a85aa00, 0x00007fbe4a013800, 0x00007fbe49910400,
0x00007fbe4a013000, 0x00007fbe48b1fe00, 0x00007fbe48b20400, 0x00007fbe4a12f200,
0x00007fbe4a159000, 0x00007fbe48ced200, 0x00007fbe48b06a00, 0x00007fbe49a48a00
}

Java Threads: ( => current thread )
  0x00007fbe4980c800 JavaThread "main" [_thread_blocked, id=8707, stack(0x0000000308400000,0x0000000308500000)]
  0x00007fbe4a859400 JavaThread "Reference Handler" daemon [_thread_blocked, id=22047, stack(0x0000000308b15000,0x0000000308c15000)]
  0x00007fbe48808c00 JavaThread "Finalizer" daemon [_thread_blocked, id=42755, stack(0x0000000308c18000,0x0000000308d18000)]
  0x00007fbe4a00b800 JavaThread "Signal Dispatcher" daemon [_thread_blocked, id=24835, stack(0x0000000308eb3000,0x0000000308fb3000)]
  0x00007fbe4a009600 JavaThread "Service Thread" daemon [_thread_blocked, id=40963, stack(0x0000000308fb6000,0x00000003090b6000)]
  0x00007fbe4a011000 JavaThread "Monitor Deflation Thread" daemon [_thread_blocked, id=25603, stack(0x00000003090b9000,0x00000003091b9000)]
  0x00007fbe4a011600 JavaThread "C2 CompilerThread0" daemon [_thread_blocked, id=40707, stack(0x00000003091bc000,0x00000003092bc000)]
  0x00007fbe4a85b600 JavaThread "C1 CompilerThread0" daemon [_thread_blocked, id=40451, stack(0x00000003092bf000,0x00000003093bf000)]
  0x00007fbe39010200 JavaThread "Sweeper thread" daemon [_thread_blocked, id=40195, stack(0x00000003093c2000,0x00000003094c2000)]
  0x00007fbe4a85aa00 JavaThread "Common-Cleaner" daemon [_thread_blocked, id=39255, stack(0x00000003094c5000,0x00000003095c5000)]
  0x00007fbe4a013800 JavaThread "Monitor Ctrl-Break" daemon [_thread_in_native, id=38319, stack(0x00000003095c8000,0x00000003096c8000)]
  0x00007fbe49910400 JavaThread "Notification Thread" daemon [_thread_blocked, id=37635, stack(0x00000003096cb000,0x00000003097cb000)]
  0x00007fbe4a013000 JavaThread "QuantumRenderer-0" daemon [_thread_blocked, id=36867, stack(0x00000003098d1000,0x00000003099d1000)]
  0x00007fbe48b1fe00 JavaThread "InvokeLaterDispatcher" daemon [_thread_blocked, id=86695, stack(0x00000003099d4000,0x0000000309ad4000)]
=>0x00007fbe48b20400 JavaThread "JavaFX Application Thread" [_thread_in_Java, id=259, stack(0x0000000307b7d000,0x000000030837d000)]
  0x00007fbe4a12f200 JavaThread "JavaFX-Launcher" [_thread_blocked, id=60755, stack(0x0000000309ceb000,0x0000000309deb000)]
  0x00007fbe4a159000 JavaThread "Attach Listener" daemon [_thread_blocked, id=74295, stack(0x000000030a2fd000,0x000000030a3fd000)]
  0x00007fbe48ced200 JavaThread "PulseTimer-CVDisplayLink thread" daemon [_thread_in_native, id=64559, stack(0x0000000309ad7000,0x0000000309b57000)]
  0x00007fbe48b06a00 JavaThread "Prism Font Disposer" daemon [_thread_blocked, id=87715, stack(0x000000030a400000,0x000000030a500000)]
  0x00007fbe49a48a00 JavaThread "Cleaner-0" daemon [_thread_blocked, id=92791, stack(0x000000030a503000,0x000000030a603000)]

Other Threads:
  0x00007fbe49209ef0 VMThread "VM Thread" [stack: 0x0000000308a12000,0x0000000308b12000] [id=16131]
  0x00007fbe48711580 WatcherThread [stack: 0x00000003097ce000,0x00000003098ce000] [id=37391]
  0x00007fbe492063e0 GCTaskThread "GC Thread#0" [stack: 0x0000000308503000,0x0000000308603000] [id=14083]
  0x00007fbe487346f0 GCTaskThread "GC Thread#1" [stack: 0x0000000309dee000,0x0000000309eee000] [id=67315]
  0x00007fbe48734bc0 GCTaskThread "GC Thread#2" [stack: 0x0000000309ef1000,0x0000000309ff1000] [id=61443]
  0x00007fbe490339b0 GCTaskThread "GC Thread#3" [stack: 0x0000000309ff4000,0x000000030a0f4000] [id=61699]
  0x00007fbe49033f10 GCTaskThread "GC Thread#4" [stack: 0x000000030a0f7000,0x000000030a1f7000] [id=61955]
  0x00007fbe490343e0 GCTaskThread "GC Thread#5" [stack: 0x000000030a1fa000,0x000000030a2fa000] [id=62211]
  0x00007fbe4878df50 GCTaskThread "GC Thread#6" [stack: 0x000000030a606000,0x000000030a706000] [id=95867]
  0x00007fbe4878e420 GCTaskThread "GC Thread#7" [stack: 0x000000030a709000,0x000000030a809000] [id=96003]
  0x00007fbe49006360 ConcurrentGCThread "G1 Main Marker" [stack: 0x0000000308606000,0x0000000308706000] [id=14339]
  0x00007fbe49006c40 ConcurrentGCThread "G1 Conc#0" [stack: 0x0000000308709000,0x0000000308809000] [id=18179]
  0x00007fbe49012500 ConcurrentGCThread "G1 Refine#0" [stack: 0x000000030880c000,0x000000030890c000] [id=17667]
  0x00007fbe4878db10 ConcurrentGCThread "G1 Refine#1" [stack: 0x000000030a80c000,0x000000030a90c000] [id=166403]
  0x00007fbe49267a10 ConcurrentGCThread "G1 Refine#2" [stack: 0x000000030a90f000,0x000000030aa0f000] [id=165891]
  0x00007fbe4878eac0 ConcurrentGCThread "G1 Refine#3" [stack: 0x000000030aa12000,0x000000030ab12000] [id=97283]
  0x00007fbe4914cfb0 ConcurrentGCThread "G1 Refine#4" [stack: 0x000000030ab15000,0x000000030ac15000] [id=97795]
  0x00007fbe4914d720 ConcurrentGCThread "G1 Refine#5" [stack: 0x000000030ac18000,0x000000030ad18000] [id=164867]
  0x00007fbe492680b0 ConcurrentGCThread "G1 Refine#6" [stack: 0x000000030ad1b000,0x000000030ae1b000] [id=164355]
  0x00007fbe49012df0 ConcurrentGCThread "G1 Service" [stack: 0x000000030890f000,0x0000000308a0f000] [id=17411]

Threads with active compile tasks:

VM state: not at safepoint (normal execution)

VM Mutex/Monitor currently owned by a thread: None

Heap address: 0x0000000700000000, size: 4096 MB, Compressed Oops mode: Zero based, Oop shift amount: 3
CDS archive(s) mapped at: [0x0000000800000000-0x0000000800bba000-0x0000000800bba000), size 12296192, SharedBaseAddress: 0x0000000800000000, ArchiveRelocationMode: 0.
Compressed class space mapped at: 0x0000000800c00000-0x0000000840c00000, reserved size: 1073741824
Narrow klass base: 0x0000000800000000, Narrow klass shift: 3, Narrow klass range: 0x100000000

GC Precious Log:
 CPUs: 8 total, 8 available
 Memory: 16384M
 Large Page Support: Disabled
 NUMA Support: Disabled
 Compressed Oops: Enabled (Zero based)
 Heap Region Size: 2M
 Heap Min Capacity: 8M
 Heap Initial Capacity: 256M
 Heap Max Capacity: 4G
 Pre-touch: Disabled
 Parallel Workers: 8
 Concurrent Workers: 2
 Concurrent Refinement Workers: 8
 Periodic GC: Disabled

Heap:
 garbage-first heap   total 266240K, used 63837K [0x0000000700000000, 0x0000000800000000)
  region size 2048K, 15 young (30720K), 1 survivors (2048K)
 Metaspace       used 16141K, committed 16384K, reserved 1064960K
  class space    used 2052K, committed 2176K, reserved 1048576K

Heap Regions: E=young(eden), S=young(survivor), O=old, HS=humongous(starts), HC=humongous(continues), CS=collection set, F=free, OA=open archive, CA=closed archive, TAMS=top-at-mark-start (previous, next)
|   0|0x0000000700000000, 0x0000000700200000, 0x0000000700200000|100%|HS|  |TAMS 0x0000000700000000, 0x0000000700000000| Complete 
|   1|0x0000000700200000, 0x0000000700400000, 0x0000000700400000|100%|HC|  |TAMS 0x0000000700200000, 0x0000000700200000| Complete 
|   2|0x0000000700400000, 0x0000000700600000, 0x0000000700600000|100%|HS|  |TAMS 0x0000000700400000, 0x0000000700400000| Complete 
|   3|0x0000000700600000, 0x0000000700800000, 0x0000000700800000|100%|HS|  |TAMS 0x0000000700600000, 0x0000000700600000| Complete 
|   4|0x0000000700800000, 0x0000000700a00000, 0x0000000700a00000|100%|HC|  |TAMS 0x0000000700800000, 0x0000000700800000| Complete 
|   5|0x0000000700a00000, 0x0000000700c00000, 0x0000000700c00000|100%| O|  |TAMS 0x0000000700a00000, 0x0000000700a00000| Untracked 
|   6|0x0000000700c00000, 0x0000000700e00000, 0x0000000700e00000|100%| O|  |TAMS 0x0000000700c00000, 0x0000000700c00000| Untracked 
|   7|0x0000000700e00000, 0x0000000701000000, 0x0000000701000000|100%| O|  |TAMS 0x0000000700e00000, 0x0000000700e00000| Untracked 
|   8|0x0000000701000000, 0x0000000701200000, 0x0000000701200000|100%| O|  |TAMS 0x0000000701000000, 0x0000000701000000| Untracked 
|   9|0x0000000701200000, 0x0000000701400000, 0x0000000701400000|100%| O|  |TAMS 0x0000000701200000, 0x0000000701200000| Untracked 
|  10|0x0000000701400000, 0x0000000701600000, 0x0000000701600000|100%| O|  |TAMS 0x0000000701400000, 0x0000000701400000| Untracked 
|  11|0x0000000701600000, 0x0000000701800000, 0x0000000701800000|100%| O|  |TAMS 0x0000000701600000, 0x0000000701600000| Untracked 
|  12|0x0000000701800000, 0x0000000701a00000, 0x0000000701a00000|100%| O|  |TAMS 0x0000000701800000, 0x0000000701800000| Untracked 
|  13|0x0000000701a00000, 0x0000000701c00000, 0x0000000701c00000|100%| O|  |TAMS 0x0000000701a00000, 0x0000000701a00000| Untracked 
|  14|0x0000000701c00000, 0x0000000701e00000, 0x0000000701e00000|100%| O|  |TAMS 0x0000000701c00000, 0x0000000701c00000| Untracked 
|  15|0x0000000701e00000, 0x0000000702000000, 0x0000000702000000|100%| O|  |TAMS 0x0000000701e00000, 0x0000000701e00000| Untracked 
|  16|0x0000000702000000, 0x000000070213a800, 0x0000000702200000| 61%| O|  |TAMS 0x0000000702000000, 0x0000000702000000| Untracked 
|  17|0x0000000702200000, 0x0000000702200000, 0x0000000702400000|  0%| F|  |TAMS 0x0000000702200000, 0x0000000702200000| Untracked 
|  18|0x0000000702400000, 0x0000000702400000, 0x0000000702600000|  0%| F|  |TAMS 0x0000000702400000, 0x0000000702400000| Untracked 
|  19|0x0000000702600000, 0x0000000702600000, 0x0000000702800000|  0%| F|  |TAMS 0x0000000702600000, 0x0000000702600000| Untracked 
|  20|0x0000000702800000, 0x0000000702800000, 0x0000000702a00000|  0%| F|  |TAMS 0x0000000702800000, 0x0000000702800000| Untracked 
|  21|0x0000000702a00000, 0x0000000702a00000, 0x0000000702c00000|  0%| F|  |TAMS 0x0000000702a00000, 0x0000000702a00000| Untracked 
|  22|0x0000000702c00000, 0x0000000702c00000, 0x0000000702e00000|  0%| F|  |TAMS 0x0000000702c00000, 0x0000000702c00000| Untracked 
|  23|0x0000000702e00000, 0x0000000702e00000, 0x0000000703000000|  0%| F|  |TAMS 0x0000000702e00000, 0x0000000702e00000| Untracked 
|  24|0x0000000703000000, 0x0000000703000000, 0x0000000703200000|  0%| F|  |TAMS 0x0000000703000000, 0x0000000703000000| Untracked 
|  25|0x0000000703200000, 0x0000000703200000, 0x0000000703400000|  0%| F|  |TAMS 0x0000000703200000, 0x0000000703200000| Untracked 
|  26|0x0000000703400000, 0x0000000703400000, 0x0000000703600000|  0%| F|  |TAMS 0x0000000703400000, 0x0000000703400000| Untracked 
|  27|0x0000000703600000, 0x0000000703600000, 0x0000000703800000|  0%| F|  |TAMS 0x0000000703600000, 0x0000000703600000| Untracked 
|  28|0x0000000703800000, 0x0000000703800000, 0x0000000703a00000|  0%| F|  |TAMS 0x0000000703800000, 0x0000000703800000| Untracked 
|  29|0x0000000703a00000, 0x0000000703a00000, 0x0000000703c00000|  0%| F|  |TAMS 0x0000000703a00000, 0x0000000703a00000| Untracked 
|  30|0x0000000703c00000, 0x0000000703c00000, 0x0000000703e00000|  0%| F|  |TAMS 0x0000000703c00000, 0x0000000703c00000| Untracked 
|  31|0x0000000703e00000, 0x0000000703e00000, 0x0000000704000000|  0%| F|  |TAMS 0x0000000703e00000, 0x0000000703e00000| Untracked 
|  32|0x0000000704000000, 0x0000000704000000, 0x0000000704200000|  0%| F|  |TAMS 0x0000000704000000, 0x0000000704000000| Untracked 
|  33|0x0000000704200000, 0x0000000704200000, 0x0000000704400000|  0%| F|  |TAMS 0x0000000704200000, 0x0000000704200000| Untracked 
|  34|0x0000000704400000, 0x0000000704400000, 0x0000000704600000|  0%| F|  |TAMS 0x0000000704400000, 0x0000000704400000| Untracked 
|  35|0x0000000704600000, 0x0000000704600000, 0x0000000704800000|  0%| F|  |TAMS 0x0000000704600000, 0x0000000704600000| Untracked 
|  36|0x0000000704800000, 0x0000000704800000, 0x0000000704a00000|  0%| F|  |TAMS 0x0000000704800000, 0x0000000704800000| Untracked 
|  37|0x0000000704a00000, 0x0000000704a00000, 0x0000000704c00000|  0%| F|  |TAMS 0x0000000704a00000, 0x0000000704a00000| Untracked 
|  38|0x0000000704c00000, 0x0000000704c00000, 0x0000000704e00000|  0%| F|  |TAMS 0x0000000704c00000, 0x0000000704c00000| Untracked 
|  39|0x0000000704e00000, 0x0000000704e00000, 0x0000000705000000|  0%| F|  |TAMS 0x0000000704e00000, 0x0000000704e00000| Untracked 
|  40|0x0000000705000000, 0x0000000705000000, 0x0000000705200000|  0%| F|  |TAMS 0x0000000705000000, 0x0000000705000000| Untracked 
|  41|0x0000000705200000, 0x0000000705200000, 0x0000000705400000|  0%| F|  |TAMS 0x0000000705200000, 0x0000000705200000| Untracked 
|  42|0x0000000705400000, 0x0000000705400000, 0x0000000705600000|  0%| F|  |TAMS 0x0000000705400000, 0x0000000705400000| Untracked 
|  43|0x0000000705600000, 0x0000000705600000, 0x0000000705800000|  0%| F|  |TAMS 0x0000000705600000, 0x0000000705600000| Untracked 
|  44|0x0000000705800000, 0x0000000705800000, 0x0000000705a00000|  0%| F|  |TAMS 0x0000000705800000, 0x0000000705800000| Untracked 
|  45|0x0000000705a00000, 0x0000000705a00000, 0x0000000705c00000|  0%| F|  |TAMS 0x0000000705a00000, 0x0000000705a00000| Untracked 
|  46|0x0000000705c00000, 0x0000000705c00000, 0x0000000705e00000|  0%| F|  |TAMS 0x0000000705c00000, 0x0000000705c00000| Untracked 
|  47|0x0000000705e00000, 0x0000000705e00000, 0x0000000706000000|  0%| F|  |TAMS 0x0000000705e00000, 0x0000000705e00000| Untracked 
|  48|0x0000000706000000, 0x0000000706000000, 0x0000000706200000|  0%| F|  |TAMS 0x0000000706000000, 0x0000000706000000| Untracked 
|  49|0x0000000706200000, 0x0000000706200000, 0x0000000706400000|  0%| F|  |TAMS 0x0000000706200000, 0x0000000706200000| Untracked 
|  50|0x0000000706400000, 0x0000000706400000, 0x0000000706600000|  0%| F|  |TAMS 0x0000000706400000, 0x0000000706400000| Untracked 
|  51|0x0000000706600000, 0x0000000706600000, 0x0000000706800000|  0%| F|  |TAMS 0x0000000706600000, 0x0000000706600000| Untracked 
|  52|0x0000000706800000, 0x0000000706800000, 0x0000000706a00000|  0%| F|  |TAMS 0x0000000706800000, 0x0000000706800000| Untracked 
|  53|0x0000000706a00000, 0x0000000706a00000, 0x0000000706c00000|  0%| F|  |TAMS 0x0000000706a00000, 0x0000000706a00000| Untracked 
|  54|0x0000000706c00000, 0x0000000706c00000, 0x0000000706e00000|  0%| F|  |TAMS 0x0000000706c00000, 0x0000000706c00000| Untracked 
|  55|0x0000000706e00000, 0x0000000706e00000, 0x0000000707000000|  0%| F|  |TAMS 0x0000000706e00000, 0x0000000706e00000| Untracked 
|  56|0x0000000707000000, 0x0000000707000000, 0x0000000707200000|  0%| F|  |TAMS 0x0000000707000000, 0x0000000707000000| Untracked 
|  57|0x0000000707200000, 0x0000000707200000, 0x0000000707400000|  0%| F|  |TAMS 0x0000000707200000, 0x0000000707200000| Untracked 
|  58|0x0000000707400000, 0x0000000707400000, 0x0000000707600000|  0%| F|  |TAMS 0x0000000707400000, 0x0000000707400000| Untracked 
|  59|0x0000000707600000, 0x0000000707600000, 0x0000000707800000|  0%| F|  |TAMS 0x0000000707600000, 0x0000000707600000| Untracked 
|  60|0x0000000707800000, 0x0000000707800000, 0x0000000707a00000|  0%| F|  |TAMS 0x0000000707800000, 0x0000000707800000| Untracked 
|  61|0x0000000707a00000, 0x0000000707a00000, 0x0000000707c00000|  0%| F|  |TAMS 0x0000000707a00000, 0x0000000707a00000| Untracked 
|  62|0x0000000707c00000, 0x0000000707c00000, 0x0000000707e00000|  0%| F|  |TAMS 0x0000000707c00000, 0x0000000707c00000| Untracked 
|  63|0x0000000707e00000, 0x0000000707e00000, 0x0000000708000000|  0%| F|  |TAMS 0x0000000707e00000, 0x0000000707e00000| Untracked 
|  64|0x0000000708000000, 0x0000000708000000, 0x0000000708200000|  0%| F|  |TAMS 0x0000000708000000, 0x0000000708000000| Untracked 
|  65|0x0000000708200000, 0x0000000708200000, 0x0000000708400000|  0%| F|  |TAMS 0x0000000708200000, 0x0000000708200000| Untracked 
|  66|0x0000000708400000, 0x0000000708400000, 0x0000000708600000|  0%| F|  |TAMS 0x0000000708400000, 0x0000000708400000| Untracked 
|  67|0x0000000708600000, 0x0000000708600000, 0x0000000708800000|  0%| F|  |TAMS 0x0000000708600000, 0x0000000708600000| Untracked 
|  68|0x0000000708800000, 0x0000000708800000, 0x0000000708a00000|  0%| F|  |TAMS 0x0000000708800000, 0x0000000708800000| Untracked 
|  69|0x0000000708a00000, 0x0000000708a00000, 0x0000000708c00000|  0%| F|  |TAMS 0x0000000708a00000, 0x0000000708a00000| Untracked 
|  70|0x0000000708c00000, 0x0000000708c00000, 0x0000000708e00000|  0%| F|  |TAMS 0x0000000708c00000, 0x0000000708c00000| Untracked 
|  71|0x0000000708e00000, 0x0000000708e00000, 0x0000000709000000|  0%| F|  |TAMS 0x0000000708e00000, 0x0000000708e00000| Untracked 
|  72|0x0000000709000000, 0x0000000709000000, 0x0000000709200000|  0%| F|  |TAMS 0x0000000709000000, 0x0000000709000000| Untracked 
|  73|0x0000000709200000, 0x0000000709200000, 0x0000000709400000|  0%| F|  |TAMS 0x0000000709200000, 0x0000000709200000| Untracked 
|  74|0x0000000709400000, 0x0000000709400000, 0x0000000709600000|  0%| F|  |TAMS 0x0000000709400000, 0x0000000709400000| Untracked 
|  75|0x0000000709600000, 0x0000000709600000, 0x0000000709800000|  0%| F|  |TAMS 0x0000000709600000, 0x0000000709600000| Untracked 
|  76|0x0000000709800000, 0x0000000709800000, 0x0000000709a00000|  0%| F|  |TAMS 0x0000000709800000, 0x0000000709800000| Untracked 
|  77|0x0000000709a00000, 0x0000000709a00000, 0x0000000709c00000|  0%| F|  |TAMS 0x0000000709a00000, 0x0000000709a00000| Untracked 
|  78|0x0000000709c00000, 0x0000000709c00000, 0x0000000709e00000|  0%| F|  |TAMS 0x0000000709c00000, 0x0000000709c00000| Untracked 
|  79|0x0000000709e00000, 0x0000000709e00000, 0x000000070a000000|  0%| F|  |TAMS 0x0000000709e00000, 0x0000000709e00000| Untracked 
|  80|0x000000070a000000, 0x000000070a000000, 0x000000070a200000|  0%| F|  |TAMS 0x000000070a000000, 0x000000070a000000| Untracked 
|  81|0x000000070a200000, 0x000000070a200000, 0x000000070a400000|  0%| F|  |TAMS 0x000000070a200000, 0x000000070a200000| Untracked 
|  82|0x000000070a400000, 0x000000070a400000, 0x000000070a600000|  0%| F|  |TAMS 0x000000070a400000, 0x000000070a400000| Untracked 
|  83|0x000000070a600000, 0x000000070a600000, 0x000000070a800000|  0%| F|  |TAMS 0x000000070a600000, 0x000000070a600000| Untracked 
|  84|0x000000070a800000, 0x000000070a800000, 0x000000070aa00000|  0%| F|  |TAMS 0x000000070a800000, 0x000000070a800000| Untracked 
|  85|0x000000070aa00000, 0x000000070aa00000, 0x000000070ac00000|  0%| F|  |TAMS 0x000000070aa00000, 0x000000070aa00000| Untracked 
|  86|0x000000070ac00000, 0x000000070ac00000, 0x000000070ae00000|  0%| F|  |TAMS 0x000000070ac00000, 0x000000070ac00000| Untracked 
|  87|0x000000070ae00000, 0x000000070ae00000, 0x000000070b000000|  0%| F|  |TAMS 0x000000070ae00000, 0x000000070ae00000| Untracked 
|  88|0x000000070b000000, 0x000000070b000000, 0x000000070b200000|  0%| F|  |TAMS 0x000000070b000000, 0x000000070b000000| Untracked 
|  89|0x000000070b200000, 0x000000070b200000, 0x000000070b400000|  0%| F|  |TAMS 0x000000070b200000, 0x000000070b200000| Untracked 
|  90|0x000000070b400000, 0x000000070b400000, 0x000000070b600000|  0%| F|  |TAMS 0x000000070b400000, 0x000000070b400000| Untracked 
|  91|0x000000070b600000, 0x000000070b600000, 0x000000070b800000|  0%| F|  |TAMS 0x000000070b600000, 0x000000070b600000| Untracked 
|  92|0x000000070b800000, 0x000000070b800000, 0x000000070ba00000|  0%| F|  |TAMS 0x000000070b800000, 0x000000070b800000| Untracked 
|  93|0x000000070ba00000, 0x000000070ba00000, 0x000000070bc00000|  0%| F|  |TAMS 0x000000070ba00000, 0x000000070ba00000| Untracked 
|  94|0x000000070bc00000, 0x000000070bc00000, 0x000000070be00000|  0%| F|  |TAMS 0x000000070bc00000, 0x000000070bc00000| Untracked 
|  95|0x000000070be00000, 0x000000070be00000, 0x000000070c000000|  0%| F|  |TAMS 0x000000070be00000, 0x000000070be00000| Untracked 
|  96|0x000000070c000000, 0x000000070c000000, 0x000000070c200000|  0%| F|  |TAMS 0x000000070c000000, 0x000000070c000000| Untracked 
|  97|0x000000070c200000, 0x000000070c200000, 0x000000070c400000|  0%| F|  |TAMS 0x000000070c200000, 0x000000070c200000| Untracked 
|  98|0x000000070c400000, 0x000000070c400000, 0x000000070c600000|  0%| F|  |TAMS 0x000000070c400000, 0x000000070c400000| Untracked 
|  99|0x000000070c600000, 0x000000070c600000, 0x000000070c800000|  0%| F|  |TAMS 0x000000070c600000, 0x000000070c600000| Untracked 
| 100|0x000000070c800000, 0x000000070c800000, 0x000000070ca00000|  0%| F|  |TAMS 0x000000070c800000, 0x000000070c800000| Untracked 
| 101|0x000000070ca00000, 0x000000070ca00000, 0x000000070cc00000|  0%| F|  |TAMS 0x000000070ca00000, 0x000000070ca00000| Untracked 
| 102|0x000000070cc00000, 0x000000070cc00000, 0x000000070ce00000|  0%| F|  |TAMS 0x000000070cc00000, 0x000000070cc00000| Untracked 
| 103|0x000000070ce00000, 0x000000070ce00000, 0x000000070d000000|  0%| F|  |TAMS 0x000000070ce00000, 0x000000070ce00000| Untracked 
| 104|0x000000070d000000, 0x000000070d000000, 0x000000070d200000|  0%| F|  |TAMS 0x000000070d000000, 0x000000070d000000| Untracked 
| 105|0x000000070d200000, 0x000000070d200000, 0x000000070d400000|  0%| F|  |TAMS 0x000000070d200000, 0x000000070d200000| Untracked 
| 106|0x000000070d400000, 0x000000070d52ad60, 0x000000070d600000| 58%| S|CS|TAMS 0x000000070d400000, 0x000000070d400000| Complete 
| 107|0x000000070d600000, 0x000000070d600000, 0x000000070d800000|  0%| F|  |TAMS 0x000000070d600000, 0x000000070d600000| Untracked 
| 108|0x000000070d800000, 0x000000070d800000, 0x000000070da00000|  0%| F|  |TAMS 0x000000070d800000, 0x000000070d800000| Untracked 
| 109|0x000000070da00000, 0x000000070da00000, 0x000000070dc00000|  0%| F|  |TAMS 0x000000070da00000, 0x000000070da00000| Untracked 
| 110|0x000000070dc00000, 0x000000070dc00000, 0x000000070de00000|  0%| F|  |TAMS 0x000000070dc00000, 0x000000070dc00000| Untracked 
| 111|0x000000070de00000, 0x000000070de00000, 0x000000070e000000|  0%| F|  |TAMS 0x000000070de00000, 0x000000070de00000| Untracked 
| 112|0x000000070e000000, 0x000000070e000000, 0x000000070e200000|  0%| F|  |TAMS 0x000000070e000000, 0x000000070e000000| Untracked 
| 113|0x000000070e200000, 0x000000070e200000, 0x000000070e400000|  0%| F|  |TAMS 0x000000070e200000, 0x000000070e200000| Untracked 
| 114|0x000000070e400000, 0x000000070e600000, 0x000000070e600000|100%| E|  |TAMS 0x000000070e400000, 0x000000070e400000| Complete 
| 115|0x000000070e600000, 0x000000070e800000, 0x000000070e800000|100%| E|CS|TAMS 0x000000070e600000, 0x000000070e600000| Complete 
| 116|0x000000070e800000, 0x000000070ea00000, 0x000000070ea00000|100%| E|CS|TAMS 0x000000070e800000, 0x000000070e800000| Complete 
| 117|0x000000070ea00000, 0x000000070ec00000, 0x000000070ec00000|100%| E|CS|TAMS 0x000000070ea00000, 0x000000070ea00000| Complete 
| 118|0x000000070ec00000, 0x000000070ee00000, 0x000000070ee00000|100%| E|CS|TAMS 0x000000070ec00000, 0x000000070ec00000| Complete 
| 119|0x000000070ee00000, 0x000000070f000000, 0x000000070f000000|100%| E|CS|TAMS 0x000000070ee00000, 0x000000070ee00000| Complete 
| 120|0x000000070f000000, 0x000000070f200000, 0x000000070f200000|100%| E|CS|TAMS 0x000000070f000000, 0x000000070f000000| Complete 
| 121|0x000000070f200000, 0x000000070f400000, 0x000000070f400000|100%| E|CS|TAMS 0x000000070f200000, 0x000000070f200000| Complete 
| 122|0x000000070f400000, 0x000000070f600000, 0x000000070f600000|100%| E|CS|TAMS 0x000000070f400000, 0x000000070f400000| Complete 
| 123|0x000000070f600000, 0x000000070f800000, 0x000000070f800000|100%| E|CS|TAMS 0x000000070f600000, 0x000000070f600000| Complete 
| 124|0x000000070f800000, 0x000000070fa00000, 0x000000070fa00000|100%| E|CS|TAMS 0x000000070f800000, 0x000000070f800000| Complete 
| 125|0x000000070fa00000, 0x000000070fc00000, 0x000000070fc00000|100%| E|CS|TAMS 0x000000070fa00000, 0x000000070fa00000| Complete 
| 126|0x000000070fc00000, 0x000000070fe00000, 0x000000070fe00000|100%| E|CS|TAMS 0x000000070fc00000, 0x000000070fc00000| Complete 
| 127|0x000000070fe00000, 0x0000000710000000, 0x0000000710000000|100%| E|CS|TAMS 0x000000070fe00000, 0x000000070fe00000| Complete 
|1534|0x00000007bfc00000, 0x00000007bfd75000, 0x00000007bfe00000| 72%|OA|  |TAMS 0x00000007bfc00000, 0x00000007bfc00000| Untracked 
|1535|0x00000007bfe00000, 0x00000007bfe7d000, 0x00000007c0000000| 24%|CA|  |TAMS 0x00000007bfe00000, 0x00000007bfe00000| Untracked 

Card table byte_map: [0x00000001245f3000,0x0000000124df3000] _byte_map_base: 0x0000000120df3000

Marking Bits (Prev, Next): (CMBitMap*) 0x00007fbe4980c010, (CMBitMap*) 0x00007fbe4980c050
 Prev Bits: [0x00000001255f3000, 0x00000001295f3000)
 Next Bits: [0x00000001295f3000, 0x000000012d5f3000)

Polling page: 0x00000001020a9000

Metaspace:

Usage:
  Non-class:     13.76 MB used.
      Class:      2.00 MB used.
       Both:     15.76 MB used.

Virtual space:
  Non-class space:       16.00 MB reserved,      13.88 MB ( 87%) committed,  2 nodes.
      Class space:        1.00 GB reserved,       2.12 MB ( <1%) committed,  1 nodes.
              Both:        1.02 GB reserved,      16.00 MB (  2%) committed. 

Chunk freelists:
   Non-Class:  2.00 MB
       Class:  1.88 MB
        Both:  3.88 MB

MaxMetaspaceSize: 17179869184.00 GB
CompressedClassSpaceSize: 1.00 GB
 - commit_granule_bytes: 65536.
 - commit_granule_words: 8192.
 - virtual_space_node_default_size: 1048576.
 - enlarge_chunks_in_place: 1.
 - new_chunks_are_fully_committed: 0.
 - uncommit_free_chunks: 1.
 - use_allocation_guard: 0.
 - handle_deallocations: 1.


Internal statistics:

num_allocs_failed_limit: 0.
num_arena_births: 218.
num_arena_deaths: 0.
num_vsnodes_births: 3.
num_vsnodes_deaths: 0.
num_space_committed: 256.
num_space_uncommitted: 0.
num_chunks_returned_to_freelist: 0.
num_chunks_taken_from_freelist: 712.
num_chunk_merges: 0.
num_chunk_splits: 498.
num_chunks_enlarged: 377.
num_purges: 0.

CodeHeap 'non-profiled nmethods': size=120028Kb used=1513Kb max_used=1513Kb free=118514Kb
 bounds [0x000000011d0bc000, 0x000000011d32c000, 0x00000001245f3000]
CodeHeap 'profiled nmethods': size=120028Kb used=6899Kb max_used=6899Kb free=113128Kb
 bounds [0x0000000115b85000, 0x0000000116245000, 0x000000011d0bc000]
CodeHeap 'non-nmethods': size=5704Kb used=1442Kb max_used=1463Kb free=4261Kb
 bounds [0x00000001155f3000, 0x0000000115863000, 0x0000000115b85000]
 total_blobs=4347 nmethods=3543 adapters=717
 compilation: enabled
              stopped_count=0, restarted_count=0
 full_count=0

Compilation events (20 events):
Event: 9.688 Thread 0x00007fbe4a85b600 3535       3       sun.nio.fs.UnixFileModeAttribute::toUnixMode (113 bytes)
Event: 9.688 Thread 0x00007fbe4a85b600 nmethod 3535 0x0000000116238590 code [0x0000000116238860, 0x00000001162394a0]
Event: 9.688 Thread 0x00007fbe4a85b600 3536       3       sun.nio.fs.UnixChannelFactory::newFileChannel (9 bytes)
Event: 9.688 Thread 0x00007fbe4a85b600 nmethod 3536 0x0000000116239910 code [0x0000000116239ac0, 0x0000000116239be0]
Event: 9.688 Thread 0x00007fbe4a85b600 3537       3       sun.nio.fs.UnixChannelFactory::newFileChannel (135 bytes)
Event: 9.689 Thread 0x00007fbe4a85b600 nmethod 3537 0x0000000116239c90 code [0x0000000116239ee0, 0x000000011623a780]
Event: 9.689 Thread 0x00007fbe4a85b600 3538       3       sun.nio.fs.UnixChannelFactory$Flags::toFlags (265 bytes)
Event: 9.689 Thread 0x00007fbe4a85b600 nmethod 3538 0x000000011623aa90 code [0x000000011623ae40, 0x000000011623c860]
Event: 9.689 Thread 0x00007fbe4a85b600 3539       3       sun.nio.fs.UnixChannelFactory$Flags::<init> (5 bytes)
Event: 9.689 Thread 0x00007fbe4a85b600 nmethod 3539 0x000000011623d090 code [0x000000011623d240, 0x000000011623d390]
Event: 9.754 Thread 0x00007fbe4a85b600 3540       3       com.sun.javafx.tk.quantum.PrismImageLoader2::<init> (17 bytes)
Event: 9.754 Thread 0x00007fbe4a85b600 nmethod 3540 0x000000011623d490 code [0x000000011623d640, 0x000000011623d7c0]
Event: 9.754 Thread 0x00007fbe4a85b600 3541   !   3       com.sun.javafx.tk.quantum.PrismImageLoader2::loadAll (55 bytes)
Event: 9.755 Thread 0x00007fbe4a85b600 nmethod 3541 0x000000011623d890 code [0x000000011623db00, 0x000000011623e650]
Event: 9.755 Thread 0x00007fbe4a85b600 3542   !   3       com.sun.javafx.iio.ImageStorage::loadAll (122 bytes)
Event: 9.755 Thread 0x00007fbe4a85b600 nmethod 3542 0x000000011623e910 code [0x000000011623eb40, 0x000000011623f300]
Event: 9.804 Thread 0x00007fbe4a85b600 3543   !   3       java.lang.NullPointerException::getMessage (48 bytes)
Event: 9.805 Thread 0x00007fbe4a85b600 nmethod 3543 0x000000011623f790 code [0x000000011623f940, 0x000000011623fc80]
Event: 9.939 Thread 0x00007fbe4a85b600 3545   !   3       java.util.concurrent.ForkJoinPool::managedBlock (158 bytes)
Event: 9.940 Thread 0x00007fbe4a85b600 nmethod 3545 0x000000011623fd90 code [0x00000001162400a0, 0x00000001162418b0]

GC Heap History (6 events):
Event: 0.892 GC heap before
{Heap before GC invocations=0 (full 0):
 garbage-first heap   total 266240K, used 24520K [0x0000000700000000, 0x0000000800000000)
  region size 2048K, 11 young (22528K), 0 survivors (0K)
 Metaspace       used 6542K, committed 6720K, reserved 1056768K
  class space    used 798K, committed 896K, reserved 1048576K
}
Event: 0.899 GC heap after
{Heap after GC invocations=1 (full 0):
 garbage-first heap   total 266240K, used 4992K [0x0000000700000000, 0x0000000800000000)
  region size 2048K, 2 young (4096K), 2 survivors (4096K)
 Metaspace       used 6542K, committed 6720K, reserved 1056768K
  class space    used 798K, committed 896K, reserved 1048576K
}
Event: 4.055 GC heap before
{Heap before GC invocations=1 (full 0):
 garbage-first heap   total 266240K, used 72576K [0x0000000700000000, 0x0000000800000000)
  region size 2048K, 31 young (63488K), 2 survivors (4096K)
 Metaspace       used 15039K, committed 15232K, reserved 1064960K
  class space    used 1909K, committed 1984K, reserved 1048576K
}
Event: 4.087 GC heap after
{Heap after GC invocations=2 (full 0):
 garbage-first heap   total 266240K, used 34585K [0x0000000700000000, 0x0000000800000000)
  region size 2048K, 4 young (8192K), 4 survivors (8192K)
 Metaspace       used 15039K, committed 15232K, reserved 1064960K
  class space    used 1909K, committed 1984K, reserved 1048576K
}
Event: 8.081 GC heap before
{Heap before GC invocations=2 (full 0):
 garbage-first heap   total 266240K, used 75545K [0x0000000700000000, 0x0000000800000000)
  region size 2048K, 25 young (51200K), 4 survivors (8192K)
 Metaspace       used 15876K, committed 16064K, reserved 1064960K
  class space    used 2016K, committed 2112K, reserved 1048576K
}
Event: 8.094 GC heap after
{Heap after GC invocations=3 (full 0):
 garbage-first heap   total 266240K, used 37213K [0x0000000700000000, 0x0000000800000000)
  region size 2048K, 1 young (2048K), 1 survivors (2048K)
 Metaspace       used 15876K, committed 16064K, reserved 1064960K
  class space    used 2016K, committed 2112K, reserved 1048576K
}

Deoptimization events (20 events):
Event: 8.007 Thread 0x00007fbe48b20400 DEOPT PACKING pc=0x000000011d20e854 sp=0x00000003083776b0
Event: 8.007 Thread 0x00007fbe48b20400 DEOPT UNPACKING pc=0x000000011564041e sp=0x0000000308377658 mode 2
Event: 8.029 Thread 0x00007fbe48b20400 Uncommon trap: trap_request=0xffffff45 fr.pc=0x000000011d1ab84c relative=0x00000000000000ac
Event: 8.029 Thread 0x00007fbe48b20400 Uncommon trap: reason=unstable_if action=reinterpret pc=0x000000011d1ab84c method=com.sun.javafx.geom.RectBounds.deriveWithNewBounds(Lcom/sun/javafx/geom/BaseBounds;)Lcom/sun/javafx/geom/BaseBounds; @ 4 c2
Event: 8.029 Thread 0x00007fbe48b20400 DEOPT PACKING pc=0x000000011d1ab84c sp=0x00000003083776d0
Event: 8.029 Thread 0x00007fbe48b20400 DEOPT UNPACKING pc=0x000000011564041e sp=0x0000000308377678 mode 2
Event: 8.038 Thread 0x00007fbe48b20400 Uncommon trap: trap_request=0xffffffde fr.pc=0x000000011d0dfcac relative=0x000000000000018c
Event: 8.038 Thread 0x00007fbe48b20400 Uncommon trap: reason=class_check action=maybe_recompile pc=0x000000011d0dfcac method=java.lang.String.equals(Ljava/lang/Object;)Z @ 8 c2
Event: 8.038 Thread 0x00007fbe48b20400 DEOPT PACKING pc=0x000000011d0dfcac sp=0x00000003083771b0
Event: 8.038 Thread 0x00007fbe48b20400 DEOPT UNPACKING pc=0x000000011564041e sp=0x0000000308377168 mode 2
Event: 8.058 Thread 0x00007fbe48b20400 Uncommon trap: trap_request=0xffffff45 fr.pc=0x000000011d210604 relative=0x0000000000000064
Event: 8.058 Thread 0x00007fbe48b20400 Uncommon trap: reason=unstable_if action=reinterpret pc=0x000000011d210604 method=javafx.beans.property.DoublePropertyBase.get()D @ 9 c2
Event: 8.058 Thread 0x00007fbe48b20400 DEOPT PACKING pc=0x000000011d210604 sp=0x0000000308376fb0
Event: 8.058 Thread 0x00007fbe48b20400 DEOPT UNPACKING pc=0x000000011564041e sp=0x0000000308376f70 mode 2
Event: 8.140 Thread 0x00007fbe48b20400 Uncommon trap: trap_request=0xffffff45 fr.pc=0x000000011d12dee8 relative=0x00000000000010a8
Event: 8.140 Thread 0x00007fbe48b20400 Uncommon trap: reason=unstable_if action=reinterpret pc=0x000000011d12dee8 method=java.util.concurrent.ConcurrentHashMap.putVal(Ljava/lang/Object;Ljava/lang/Object;Z)Ljava/lang/Object; @ 231 c2
Event: 8.140 Thread 0x00007fbe48b20400 DEOPT PACKING pc=0x000000011d12dee8 sp=0x0000000308376010
Event: 8.140 Thread 0x00007fbe48b20400 DEOPT UNPACKING pc=0x000000011564041e sp=0x0000000308375f80 mode 2
Event: 8.905 Thread 0x00007fbe48b20400 DEOPT PACKING pc=0x0000000116137d23 sp=0x0000000308375930
Event: 8.905 Thread 0x00007fbe48b20400 DEOPT UNPACKING pc=0x0000000115640b9b sp=0x0000000308374e38 mode 0

Classes unloaded (0 events):
No events

Classes redefined (0 events):
No events

Internal exceptions (20 events):
Event: 10.305 Thread 0x00007fbe48b20400 Implicit null exception at 0x000000011615358d to 0x0000000116153c58
Event: 10.305 Thread 0x00007fbe48b20400 Exception <a 'java/lang/NullPointerException'{0x000000070e7ff0e0}> (0x000000070e7ff0e0) 
thrown [./open/src/hotspot/share/runtime/sharedRuntime.cpp, line 624]
Event: 10.322 Thread 0x00007fbe48b20400 Implicit null exception at 0x000000011615358d to 0x0000000116153c58
Event: 10.323 Thread 0x00007fbe48b20400 Exception <a 'java/lang/NullPointerException'{0x000000070e43d750}> (0x000000070e43d750) 
thrown [./open/src/hotspot/share/runtime/sharedRuntime.cpp, line 624]
Event: 10.339 Thread 0x00007fbe48b20400 Implicit null exception at 0x000000011615358d to 0x0000000116153c58
Event: 10.339 Thread 0x00007fbe48b20400 Exception <a 'java/lang/NullPointerException'{0x000000070e45f738}> (0x000000070e45f738) 
thrown [./open/src/hotspot/share/runtime/sharedRuntime.cpp, line 624]
Event: 10.356 Thread 0x00007fbe48b20400 Implicit null exception at 0x000000011615358d to 0x0000000116153c58
Event: 10.356 Thread 0x00007fbe48b20400 Exception <a 'java/lang/NullPointerException'{0x000000070e49d8f0}> (0x000000070e49d8f0) 
thrown [./open/src/hotspot/share/runtime/sharedRuntime.cpp, line 624]
Event: 10.372 Thread 0x00007fbe48b20400 Implicit null exception at 0x000000011615358d to 0x0000000116153c58
Event: 10.372 Thread 0x00007fbe48b20400 Exception <a 'java/lang/NullPointerException'{0x000000070e4bf8d8}> (0x000000070e4bf8d8) 
thrown [./open/src/hotspot/share/runtime/sharedRuntime.cpp, line 624]
Event: 10.389 Thread 0x00007fbe48b20400 Implicit null exception at 0x000000011615358d to 0x0000000116153c58
Event: 10.389 Thread 0x00007fbe48b20400 Exception <a 'java/lang/NullPointerException'{0x000000070e4fda90}> (0x000000070e4fda90) 
thrown [./open/src/hotspot/share/runtime/sharedRuntime.cpp, line 624]
Event: 10.405 Thread 0x00007fbe48b20400 Implicit null exception at 0x000000011615358d to 0x0000000116153c58
Event: 10.405 Thread 0x00007fbe48b20400 Exception <a 'java/lang/NullPointerException'{0x000000070e51fd38}> (0x000000070e51fd38) 
thrown [./open/src/hotspot/share/runtime/sharedRuntime.cpp, line 624]
Event: 10.423 Thread 0x00007fbe48b20400 Implicit null exception at 0x000000011615358d to 0x0000000116153c58
Event: 10.423 Thread 0x00007fbe48b20400 Exception <a 'java/lang/NullPointerException'{0x000000070e55def0}> (0x000000070e55def0) 
thrown [./open/src/hotspot/share/runtime/sharedRuntime.cpp, line 624]
Event: 10.439 Thread 0x00007fbe48b20400 Implicit null exception at 0x000000011615358d to 0x0000000116153c58
Event: 10.439 Thread 0x00007fbe48b20400 Exception <a 'java/lang/NullPointerException'{0x000000070e57fed8}> (0x000000070e57fed8) 
thrown [./open/src/hotspot/share/runtime/sharedRuntime.cpp, line 624]
Event: 10.456 Thread 0x00007fbe48b20400 Implicit null exception at 0x000000011615358d to 0x0000000116153c58
Event: 10.456 Thread 0x00007fbe48b20400 Exception <a 'java/lang/NullPointerException'{0x000000070e5be090}> (0x000000070e5be090) 
thrown [./open/src/hotspot/share/runtime/sharedRuntime.cpp, line 624]

Events (20 events):
Event: 8.141 loading class sun/text/resources/BreakIteratorInfo
Event: 8.141 loading class sun/text/resources/BreakIteratorInfo done
Event: 8.141 loading class sun/text/resources/BreakIteratorResources
Event: 8.141 loading class sun/util/resources/BreakIteratorResourceBundle
Event: 8.141 loading class sun/util/resources/BreakIteratorResourceBundle done
Event: 8.141 loading class sun/text/resources/BreakIteratorResources done
Event: 8.141 loading class sun/text/resources/BreakIteratorResources_en
Event: 8.141 loading class sun/text/resources/BreakIteratorResources_en done
Event: 8.144 loading class sun/text/RuleBasedBreakIterator
Event: 8.145 loading class sun/text/RuleBasedBreakIterator done
Event: 8.145 loading class sun/text/CompactByteArray
Event: 8.145 loading class sun/text/CompactByteArray done
Event: 8.146 loading class sun/text/SupplementaryCharacterData
Event: 8.146 loading class sun/text/SupplementaryCharacterData done
Event: 8.146 loading class java/text/BreakIterator$BreakIteratorCache
Event: 8.146 loading class java/text/BreakIterator$BreakIteratorCache done
Event: 9.100 Executing  VM operation: Cleanup
Event: 9.126 Executing  VM operation: Cleanup done
Event: 10.131 Executing  VM operation: Cleanup
Event: 10.131 Executing  VM operation: Cleanup done


Dynamic libraries:
0x000000010a6d8000 	/Library/Java/JavaVirtualMachines/jdk-16.jdk/Contents/Home/lib/libjli.dylib
0x00007ff829326000 	/usr/lib/libz.1.dylib
0x00007ff82940c000 	/usr/lib/libSystem.B.dylib
0x00007ff829407000 	/usr/lib/system/libcache.dylib
0x00007ff8293c3000 	/usr/lib/system/libcommonCrypto.dylib
0x00007ff8293ec000 	/usr/lib/system/libcompiler_rt.dylib
0x00007ff8293e2000 	/usr/lib/system/libcopyfile.dylib
0x00007ff81df76000 	/usr/lib/system/libcorecrypto.dylib
0x00007ff81e035000 	/usr/lib/system/libdispatch.dylib
0x00007ff81e1f7000 	/usr/lib/system/libdyld.dylib
0x00007ff8293fe000 	/usr/lib/system/libkeymgr.dylib
0x00007ff8293a1000 	/usr/lib/system/libmacho.dylib
0x00007ff828a32000 	/usr/lib/system/libquarantine.dylib
0x00007ff8293fc000 	/usr/lib/system/libremovefile.dylib
0x00007ff823075000 	/usr/lib/system/libsystem_asl.dylib
0x00007ff81df24000 	/usr/lib/system/libsystem_blocks.dylib
0x00007ff81e0bc000 	/usr/lib/system/libsystem_c.dylib
0x00007ff8293f4000 	/usr/lib/system/libsystem_collections.dylib
0x00007ff827c68000 	/usr/lib/system/libsystem_configuration.dylib
0x00007ff826f28000 	/usr/lib/system/libsystem_containermanager.dylib
0x00007ff8290da000 	/usr/lib/system/libsystem_coreservices.dylib
0x00007ff820743000 	/usr/lib/system/libsystem_darwin.dylib
0x00007ff8293ff000 	/usr/lib/system/libsystem_dnssd.dylib
0x00007ff81e0b9000 	/usr/lib/system/libsystem_featureflags.dylib
0x00007ff81e20d000 	/usr/lib/system/libsystem_info.dylib
0x00007ff829339000 	/usr/lib/system/libsystem_m.dylib
0x00007ff81e009000 	/usr/lib/system/libsystem_malloc.dylib
0x00007ff823012000 	/usr/lib/system/libsystem_networkextension.dylib
0x00007ff820b6b000 	/usr/lib/system/libsystem_notify.dylib
0x00007ff82f5f9000 	/usr/lib/system/libsystem_product_info_filter.dylib
0x00007ff827c6c000 	/usr/lib/system/libsystem_sandbox.dylib
0x00007ff8293f9000 	/usr/lib/system/libsystem_secinit.dylib
0x00007ff81e1b4000 	/usr/lib/system/libsystem_kernel.dylib
0x00007ff81e203000 	/usr/lib/system/libsystem_platform.dylib
0x00007ff81e1eb000 	/usr/lib/system/libsystem_pthread.dylib
0x00007ff824939000 	/usr/lib/system/libsystem_symptoms.dylib
0x00007ff81df5d000 	/usr/lib/system/libsystem_trace.dylib
0x00007ff8293cf000 	/usr/lib/system/libunwind.dylib
0x00007ff81df26000 	/usr/lib/system/libxpc.dylib
0x00007ff81e19e000 	/usr/lib/libc++abi.dylib
0x00007ff81e07c000 	/usr/lib/libobjc.A.dylib
0x00007ff8293da000 	/usr/lib/liboah.dylib
0x00007ff81e145000 	/usr/lib/libc++.1.dylib
0x00007ff835328000 	/System/Library/Frameworks/Cocoa.framework/Versions/A/Cocoa
0x00007ff820bc9000 	/System/Library/Frameworks/AppKit.framework/Versions/C/AppKit
0x00007ff824119000 	/System/Library/Frameworks/CoreData.framework/Versions/A/CoreData
0x00007ff81efe4000 	/System/Library/Frameworks/Foundation.framework/Versions/C/Foundation
0x00007ff821a56000 	/System/Library/PrivateFrameworks/UIFoundation.framework/Versions/A/UIFoundation
0x00007ff82f300000 	/System/Library/PrivateFrameworks/RemoteViewServices.framework/Versions/A/RemoteViewServices
0x00007ff8275ff000 	/System/Library/PrivateFrameworks/XCTTargetBootstrap.framework/Versions/A/XCTTargetBootstrap
0x00007ff82b2d7000 	/System/Library/PrivateFrameworks/InternationalSupport.framework/Versions/A/InternationalSupport
0x00007ff82b361000 	/System/Library/PrivateFrameworks/UserActivity.framework/Versions/A/UserActivity
0x00007ff82a6be000 	/usr/lib/libspindump.dylib
0x00007ff821ce4000 	/System/Library/Frameworks/UniformTypeIdentifiers.framework/Versions/A/UniformTypeIdentifiers
0x00007ff825d3e000 	/usr/lib/libapp_launch_measurement.dylib
0x00007ff824af3000 	/System/Library/PrivateFrameworks/CoreAnalytics.framework/Versions/A/CoreAnalytics
0x00007ff825d41000 	/System/Library/PrivateFrameworks/CoreAutoLayout.framework/Versions/A/CoreAutoLayout
0x00007ff826f60000 	/System/Library/Frameworks/Metal.framework/Versions/A/Metal
0x00007ff827c77000 	/usr/lib/liblangid.dylib
0x00007ff827603000 	/System/Library/PrivateFrameworks/CoreSVG.framework/Versions/A/CoreSVG
0x00007ff8230a6000 	/System/Library/PrivateFrameworks/SkyLight.framework/Versions/A/SkyLight
0x00007ff823437000 	/System/Library/Frameworks/CoreGraphics.framework/Versions/A/CoreGraphics
0x00007ff82f96b000 	/System/Library/Frameworks/Accelerate.framework/Versions/A/Accelerate
0x00007ff82a139000 	/System/Library/PrivateFrameworks/IconServices.framework/Versions/A/IconServices
0x00007ff826f45000 	/System/Library/Frameworks/IOSurface.framework/Versions/A/IOSurface
0x00007ff824b21000 	/usr/lib/libDiagnosticMessagesClient.dylib
0x00007ff832fca000 	/System/Library/Frameworks/ApplicationServices.framework/Versions/A/ApplicationServices
0x00007ff8275eb000 	/System/Library/PrivateFrameworks/DFRFoundation.framework/Versions/A/DFRFoundation
0x00007ff8204ba000 	/usr/lib/libicucore.A.dylib
0x00007ff82bff9000 	/System/Library/Frameworks/AudioToolbox.framework/Versions/A/AudioToolbox
0x00007ff82b2e3000 	/System/Library/PrivateFrameworks/DataDetectorsCore.framework/Versions/A/DataDetectorsCore
0x00007ff926a78000 	/System/Library/PrivateFrameworks/TextInput.framework/Versions/A/TextInput
0x00007ff823029000 	/usr/lib/libMobileGestalt.dylib
0x00007ff8272f3000 	/System/Library/Frameworks/Carbon.framework/Versions/A/Frameworks/HIToolbox.framework/Versions/A/HIToolbox
0x00007ff82576c000 	/System/Library/Frameworks/QuartzCore.framework/Versions/A/QuartzCore
0x00007ff82015b000 	/System/Library/Frameworks/Security.framework/Versions/A/Security
0x00007ff82f338000 	/System/Library/Frameworks/Carbon.framework/Versions/A/Frameworks/SpeechRecognition.framework/Versions/A/SpeechRecognition
0x00007ff825a9e000 	/System/Library/PrivateFrameworks/CoreUI.framework/Versions/A/CoreUI
0x00007ff81fa35000 	/System/Library/Frameworks/CoreAudio.framework/Versions/A/CoreAudio
0x00007ff824c0f000 	/System/Library/Frameworks/DiskArbitration.framework/Versions/A/DiskArbitration
0x00007ff82aaa1000 	/System/Library/PrivateFrameworks/MultitouchSupport.framework/Versions/A/MultitouchSupport
0x00007ff823028000 	/usr/lib/libenergytrace.dylib
0x00007ff820ab5000 	/System/Library/Frameworks/IOKit.framework/Versions/A/IOKit
0x00007ff82f722000 	/System/Library/Frameworks/CoreServices.framework/Versions/A/CoreServices
0x00007ff825cd8000 	/System/Library/PrivateFrameworks/PerformanceAnalysis.framework/Versions/A/PerformanceAnalysis
0x00007ffa364e7000 	/System/Library/Frameworks/OpenGL.framework/Versions/A/OpenGL
0x00007ff82895e000 	/System/Library/PrivateFrameworks/MobileKeyBag.framework/Versions/A/MobileKeyBag
0x00007ff823b66000 	/System/Library/Frameworks/ColorSync.framework/Versions/A/ColorSync
0x00007ff81e238000 	/System/Library/Frameworks/CoreFoundation.framework/Versions/A/CoreFoundation
0x00007ff82787e000 	/System/Library/Frameworks/CoreImage.framework/Versions/A/CoreImage
0x00007ff81f84b000 	/System/Library/Frameworks/CoreText.framework/Versions/A/CoreText
0x00007ff827632000 	/System/Library/Frameworks/ImageIO.framework/Versions/A/ImageIO
0x00007ff829412000 	/System/Library/PrivateFrameworks/SoftLinking.framework/Versions/A/SoftLinking
0x00007ff825d89000 	/usr/lib/libxml2.2.dylib
0x00007ff829692000 	/usr/lib/libcompression.dylib
0x00007ff82b20d000 	/System/Library/PrivateFrameworks/TextureIO.framework/Versions/A/TextureIO
0x00007ff829db2000 	/usr/lib/libate.dylib
0x00007ff829b6b000 	/usr/lib/liblzma.5.dylib
0x00007ff81ecf5000 	/System/Library/Frameworks/SystemConfiguration.framework/Versions/A/SystemConfiguration
0x00007ff82940e000 	/usr/lib/libfakelink.dylib
0x00007ff822b7c000 	/System/Library/Frameworks/CFNetwork.framework/Versions/A/CFNetwork
0x00007ff82954d000 	/usr/lib/libarchive.2.dylib
0x00007ff827c73000 	/System/Library/PrivateFrameworks/AppleSystemInfo.framework/Versions/A/AppleSystemInfo
0x00007ff828a58000 	/usr/lib/libbsm.0.dylib
0x00007ff8221b3000 	/usr/lib/libnetwork.dylib
0x00007ff8293a7000 	/usr/lib/system/libkxld.dylib
0x00007ff828687000 	/System/Library/PrivateFrameworks/IOMobileFramebuffer.framework/Versions/A/IOMobileFramebuffer
0x00007ffb33e89000 	/usr/lib/libCoreEntitlements.dylib
0x00007ff8290bc000 	/System/Library/PrivateFrameworks/AppleFSCompression.framework/Versions/A/AppleFSCompression
0x00007ff828a41000 	/usr/lib/libcoretls.dylib
0x00007ff829b85000 	/usr/lib/libcoretls_cfhelpers.dylib
0x00007ff82968d000 	/usr/lib/libpam.2.dylib
0x00007ff82455f000 	/usr/lib/libsqlite3.dylib
0x00007ff829bf4000 	/usr/lib/libxar.1.dylib
0x00007ff8290cc000 	/usr/lib/libbz2.1.0.dylib
0x00007ff829413000 	/usr/lib/libpcap.A.dylib
0x00007ff824930000 	/usr/lib/libdns_services.dylib
0x00007ff82965f000 	/usr/lib/libapple_nghttp2.dylib
0x00007ff82944a000 	/usr/lib/libiconv.2.dylib
0x00007ff8293a0000 	/usr/lib/libcharset.1.dylib
0x00007ff825d0c000 	/System/Library/Frameworks/CoreServices.framework/Versions/A/Frameworks/FSEvents.framework/Versions/A/FSEvents
0x00007ff82074d000 	/System/Library/Frameworks/CoreServices.framework/Versions/A/Frameworks/CarbonCore.framework/Versions/A/CarbonCore
0x00007ff824b74000 	/System/Library/Frameworks/CoreServices.framework/Versions/A/Frameworks/Metadata.framework/Versions/A/Metadata
0x00007ff8290df000 	/System/Library/Frameworks/CoreServices.framework/Versions/A/Frameworks/OSServices.framework/Versions/A/OSServices
0x00007ff8295d3000 	/System/Library/Frameworks/CoreServices.framework/Versions/A/Frameworks/SearchKit.framework/Versions/A/SearchKit
0x00007ff8248c2000 	/System/Library/Frameworks/CoreServices.framework/Versions/A/Frameworks/AE.framework/Versions/A/AE
0x00007ff81e739000 	/System/Library/Frameworks/CoreServices.framework/Versions/A/Frameworks/LaunchServices.framework/Versions/A/LaunchServices
0x00007ff829b1c000 	/System/Library/Frameworks/CoreServices.framework/Versions/A/Frameworks/DictionaryServices.framework/Versions/A/DictionaryServices
0x00007ff825d19000 	/System/Library/Frameworks/CoreServices.framework/Versions/A/Frameworks/SharedFileList.framework/Versions/A/SharedFileList
0x00007ff828a35000 	/usr/lib/libCheckFix.dylib
0x00007ff82308c000 	/System/Library/PrivateFrameworks/TCC.framework/Versions/A/TCC
0x00007ff827c79000 	/System/Library/PrivateFrameworks/CoreNLP.framework/Versions/A/CoreNLP
0x00007ff824b24000 	/System/Library/PrivateFrameworks/MetadataUtilities.framework/Versions/A/MetadataUtilities
0x00007ff81eda5000 	/usr/lib/libmecabra.dylib
0x00007ff828a68000 	/usr/lib/libmecab.dylib
0x00007ff81ed70000 	/usr/lib/libCRFSuite.dylib
0x00007ff828ac5000 	/usr/lib/libgermantok.dylib
0x00007ff82963a000 	/usr/lib/libThaiTokenizer.dylib
0x00007ff824c16000 	/System/Library/Frameworks/Accelerate.framework/Versions/A/Frameworks/vImage.framework/Versions/A/vImage
0x00007ff82f6f9000 	/System/Library/Frameworks/Accelerate.framework/Versions/A/Frameworks/vecLib.framework/Versions/A/vecLib
0x00007ff829c35000 	/System/Library/Frameworks/Accelerate.framework/Versions/A/Frameworks/vecLib.framework/Versions/A/libvMisc.dylib
0x00007ff82847b000 	/System/Library/Frameworks/Accelerate.framework/Versions/A/Frameworks/vecLib.framework/Versions/A/libvDSP.dylib
0x00007ff81eab1000 	/System/Library/Frameworks/Accelerate.framework/Versions/A/Frameworks/vecLib.framework/Versions/A/libBLAS.dylib
0x00007ff82976f000 	/System/Library/Frameworks/Accelerate.framework/Versions/A/Frameworks/vecLib.framework/Versions/A/libLAPACK.dylib
0x00007ff828ac8000 	/System/Library/Frameworks/Accelerate.framework/Versions/A/Frameworks/vecLib.framework/Versions/A/libLinearAlgebra.dylib
0x00007ff829678000 	/System/Library/Frameworks/Accelerate.framework/Versions/A/Frameworks/vecLib.framework/Versions/A/libSparseBLAS.dylib
0x00007ff829769000 	/System/Library/Frameworks/Accelerate.framework/Versions/A/Frameworks/vecLib.framework/Versions/A/libQuadrature.dylib
0x00007ff827d63000 	/System/Library/Frameworks/Accelerate.framework/Versions/A/Frameworks/vecLib.framework/Versions/A/libBNNS.dylib
0x00007ff81ec86000 	/System/Library/Frameworks/Accelerate.framework/Versions/A/Frameworks/vecLib.framework/Versions/A/libSparse.dylib
0x00007ff827d5c000 	/System/Library/PrivateFrameworks/LinguisticData.framework/Versions/A/LinguisticData
0x00007ff81ec3b000 	/System/Library/PrivateFrameworks/Lexicon.framework/Versions/A/Lexicon
0x00007ff829c2e000 	/usr/lib/libChineseTokenizer.dylib
0x00007ff81f39f000 	/System/Library/PrivateFrameworks/LanguageModeling.framework/Versions/A/LanguageModeling
0x00007ff82963c000 	/System/Library/PrivateFrameworks/AppleSauce.framework/Versions/A/AppleSauce
0x00007ff828675000 	/System/Library/PrivateFrameworks/CoreEmoji.framework/Versions/A/CoreEmoji
0x00007ff82953c000 	/usr/lib/libcmph.dylib
0x00007ff825cf0000 	/System/Library/Frameworks/OpenDirectory.framework/Versions/A/Frameworks/CFOpenDirectory.framework/Versions/A/CFOpenDirectory
0x00007ff825ce4000 	/System/Library/Frameworks/OpenDirectory.framework/Versions/A/OpenDirectory
0x00007ff829b87000 	/System/Library/PrivateFrameworks/APFS.framework/Versions/A/APFS
0x00007ff828996000 	/System/Library/Frameworks/SecurityFoundation.framework/Versions/A/SecurityFoundation
0x00007ff829c02000 	/usr/lib/libutil.dylib
0x00007ff820a78000 	/System/Library/PrivateFrameworks/CoreServicesStore.framework/Versions/A/CoreServicesStore
0x00007ff829c06000 	/usr/lib/libxslt.1.dylib
0x00007ff828a23000 	/System/Library/PrivateFrameworks/BackgroundTaskManagement.framework/Versions/A/BackgroundTaskManagement
0x00007ff82b12f000 	/System/Library/Frameworks/ImageIO.framework/Versions/A/Resources/libRadiance.dylib
0x00007ff82b138000 	/System/Library/Frameworks/ImageIO.framework/Versions/A/Resources/libJPEG.dylib
0x00007ff82b089000 	/System/Library/Frameworks/ImageIO.framework/Versions/A/Resources/libPng.dylib
0x00007ff82b0aa000 	/System/Library/Frameworks/ImageIO.framework/Versions/A/Resources/libTIFF.dylib
0x00007ff82b196000 	/System/Library/Frameworks/ImageIO.framework/Versions/A/Resources/libGIF.dylib
0x00007ff82a9be000 	/System/Library/Frameworks/ImageIO.framework/Versions/A/Resources/libJP2.dylib
0x00007ff82a100000 	/usr/lib/libexpat.1.dylib
0x00007ff82a973000 	/System/Library/PrivateFrameworks/AppleJPEG.framework/Versions/A/AppleJPEG
0x00007ff8271ba000 	/System/Library/PrivateFrameworks/FontServices.framework/libFontParser.dylib
0x00007ff82486c000 	/System/Library/PrivateFrameworks/RunningBoardServices.framework/Versions/A/RunningBoardServices
0x00007ff835899000 	/System/Library/PrivateFrameworks/IOSurfaceAccelerator.framework/Versions/A/IOSurfaceAccelerator
0x00007ff82aa9d000 	/System/Library/PrivateFrameworks/WatchdogClient.framework/Versions/A/WatchdogClient
0x00007ff81f48e000 	/System/Library/Frameworks/CoreDisplay.framework/Versions/A/CoreDisplay
0x00007ff8270ba000 	/System/Library/Frameworks/CoreMedia.framework/Versions/A/CoreMedia
0x00007ff826f57000 	/System/Library/PrivateFrameworks/IOAccelerator.framework/Versions/A/IOAccelerator
0x00007ff825e6c000 	/System/Library/Frameworks/CoreVideo.framework/Versions/A/CoreVideo
0x00007ff82968b000 	/System/Library/Frameworks/MetalPerformanceShaders.framework/Versions/A/MetalPerformanceShaders
0x00007ff82aad8000 	/System/Library/Frameworks/VideoToolbox.framework/Versions/A/VideoToolbox
0x00007ff8247b4000 	/System/Library/PrivateFrameworks/BaseBoard.framework/Versions/A/BaseBoard
0x00007ff824545000 	/System/Library/PrivateFrameworks/ProtocolBuffer.framework/Versions/A/ProtocolBuffer
0x00007ff82b128000 	/System/Library/PrivateFrameworks/GPUWrangler.framework/Versions/A/GPUWrangler
0x00007ff82b10b000 	/System/Library/PrivateFrameworks/IOPresentment.framework/Versions/A/IOPresentment
0x00007ff82b132000 	/System/Library/PrivateFrameworks/DSExternalDisplay.framework/Versions/A/DSExternalDisplay
0x00007ffa364db000 	/System/Library/Frameworks/OpenGL.framework/Versions/A/Libraries/libCoreFSCache.dylib
0x00007ffb22488000 	/System/Library/PrivateFrameworks/GPUCompiler.framework/Versions/31001/Libraries/libGPUCompilerUtils.dylib
0x00007ff82b19b000 	/System/Library/PrivateFrameworks/CMCaptureCore.framework/Versions/A/CMCaptureCore
0x00007ff82a6ac000 	/System/Library/PrivateFrameworks/AppServerSupport.framework/Versions/A/AppServerSupport
0x00007ff82c876000 	/System/Library/PrivateFrameworks/perfdata.framework/Versions/A/perfdata
0x00007ff81f5ba000 	/System/Library/PrivateFrameworks/AudioToolboxCore.framework/Versions/A/AudioToolboxCore
0x00007ff827097000 	/System/Library/PrivateFrameworks/caulk.framework/Versions/A/caulk
0x00007ff82c1a3000 	/usr/lib/libAudioStatistics.dylib
0x00007ff923337000 	/System/Library/PrivateFrameworks/SystemPolicy.framework/Versions/A/SystemPolicy
0x00007ff82c3ef000 	/usr/lib/libSMC.dylib
0x00007ff8351db000 	/System/Library/Frameworks/CoreMIDI.framework/Versions/A/CoreMIDI
0x00007ff82b059000 	/usr/lib/libAudioToolboxUtility.dylib
0x00007ff91f7bf000 	/System/Library/PrivateFrameworks/OSAServicesClient.framework/Versions/A/OSAServicesClient
0x00007ff82c883000 	/usr/lib/libperfcheck.dylib
0x00007ff923dc3000 	/usr/lib/libmis.dylib
0x00007ffa36537000 	/System/Library/Frameworks/OpenGL.framework/Versions/A/Libraries/libGLU.dylib
0x00007ffa364fa000 	/System/Library/Frameworks/OpenGL.framework/Versions/A/Libraries/libGFXShared.dylib
0x00007ffa36708000 	/System/Library/Frameworks/OpenGL.framework/Versions/A/Libraries/libGL.dylib
0x00007ffa36503000 	/System/Library/Frameworks/OpenGL.framework/Versions/A/Libraries/libGLImage.dylib
0x00007ffa364f7000 	/System/Library/Frameworks/OpenGL.framework/Versions/A/Libraries/libCVMSPluginSupport.dylib
0x00007ffa364e2000 	/System/Library/Frameworks/OpenGL.framework/Versions/A/Libraries/libCoreVMClient.dylib
0x00007ff827bf7000 	/System/Library/Frameworks/MetalPerformanceShaders.framework/Versions/A/Frameworks/MPSCore.framework/Versions/A/MPSCore
0x00007ff829027000 	/System/Library/Frameworks/MetalPerformanceShaders.framework/Versions/A/Frameworks/MPSImage.framework/Versions/A/MPSImage
0x00007ff828ade000 	/System/Library/Frameworks/MetalPerformanceShaders.framework/Versions/A/Frameworks/MPSNeuralNetwork.framework/Versions/A/MPSNeuralNetwork
0x00007ff828f53000 	/System/Library/Frameworks/MetalPerformanceShaders.framework/Versions/A/Frameworks/MPSMatrix.framework/Versions/A/MPSMatrix
0x00007ff828d0f000 	/System/Library/Frameworks/MetalPerformanceShaders.framework/Versions/A/Frameworks/MPSRayIntersector.framework/Versions/A/MPSRayIntersector
0x00007ff828f8c000 	/System/Library/Frameworks/MetalPerformanceShaders.framework/Versions/A/Frameworks/MPSNDArray.framework/Versions/A/MPSNDArray
0x00007ffa3b0e0000 	/System/Library/Frameworks/MetalPerformanceShaders.framework/Versions/A/Frameworks/MPSFunctions.framework/Versions/A/MPSFunctions
0x00007ff81e994000 	/System/Library/PrivateFrameworks/MetalTools.framework/Versions/A/MetalTools
0x00007ff827c71000 	/System/Library/PrivateFrameworks/AggregateDictionary.framework/Versions/A/AggregateDictionary
0x00007ff829ee2000 	/usr/lib/libIOReport.dylib
0x00007ffa37b17000 	/System/Library/Frameworks/OpenCL.framework/Versions/A/OpenCL
0x00007ff82a246000 	/System/Library/PrivateFrameworks/FaceCore.framework/Versions/A/FaceCore
0x00007ff82a237000 	/System/Library/PrivateFrameworks/GraphVisualizer.framework/Versions/A/GraphVisualizer
0x00007ffb22393000 	/System/Library/PrivateFrameworks/FontServices.framework/Versions/A/FontServices
0x00007ff82a663000 	/System/Library/PrivateFrameworks/OTSVG.framework/Versions/A/OTSVG
0x00007ff825a54000 	/System/Library/Frameworks/ApplicationServices.framework/Versions/A/Frameworks/ATS.framework/Versions/A/Resources/libFontRegistry.dylib
0x00007ff82a6b4000 	/System/Library/PrivateFrameworks/FontServices.framework/libhvf.dylib
0x00007ffb22394000 	/System/Library/PrivateFrameworks/FontServices.framework/libXTFontStaticRegistryData.dylib
0x00007ff82a0b0000 	/System/Library/PrivateFrameworks/AppleVA.framework/Versions/A/AppleVA
0x00007ff82c1c3000 	/System/Library/Frameworks/ApplicationServices.framework/Versions/A/Frameworks/ATS.framework/Versions/A/ATS
0x00007ff823c62000 	/System/Library/Frameworks/ApplicationServices.framework/Versions/A/Frameworks/HIServices.framework/Versions/A/HIServices
0x00007ff82b1a5000 	/System/Library/Frameworks/ApplicationServices.framework/Versions/A/Frameworks/PrintCore.framework/Versions/A/PrintCore
0x00007ff82c542000 	/System/Library/Frameworks/ApplicationServices.framework/Versions/A/Frameworks/QD.framework/Versions/A/QD
0x00007ff82c53a000 	/System/Library/Frameworks/ApplicationServices.framework/Versions/A/Frameworks/ColorSyncLegacy.framework/Versions/A/ColorSyncLegacy
0x00007ff82c1b3000 	/System/Library/Frameworks/ApplicationServices.framework/Versions/A/Frameworks/SpeechSynthesis.framework/Versions/A/SpeechSynthesis
0x00007ff82b166000 	/System/Library/Frameworks/ApplicationServices.framework/Versions/A/Frameworks/ATSUI.framework/Versions/A/ATSUI
0x00007ff82c4cf000 	/usr/lib/libcups.2.dylib
0x00007ff82c892000 	/System/Library/Frameworks/Kerberos.framework/Versions/A/Kerberos
0x00007ff82c8a1000 	/System/Library/Frameworks/GSS.framework/Versions/A/GSS
0x00007ff82c22f000 	/usr/lib/libresolv.9.dylib
0x00007ff82a6c3000 	/System/Library/PrivateFrameworks/Heimdal.framework/Versions/A/Heimdal
0x00007ff833345000 	/System/Library/Frameworks/Kerberos.framework/Versions/A/Libraries/libHeimdalProxy.dylib
0x00007ff824941000 	/System/Library/Frameworks/Network.framework/Versions/A/Network
0x00007ff82a11a000 	/usr/lib/libheimdal-asn1.dylib
0x00007ff82c8ec000 	/System/Library/PrivateFrameworks/CommonAuth.framework/Versions/A/CommonAuth
0x00007ff82c134000 	/System/Library/PrivateFrameworks/AudioSession.framework/Versions/A/AudioSession
0x00007ff82a1aa000 	/System/Library/PrivateFrameworks/MediaExperience.framework/Versions/A/MediaExperience
0x00007ff82bfc8000 	/System/Library/PrivateFrameworks/AudioSession.framework/libSessionUtility.dylib
0x00007ff82c54e000 	/System/Library/PrivateFrameworks/AudioResourceArbitration.framework/Versions/A/AudioResourceArbitration
0x00007ff82a123000 	/System/Library/PrivateFrameworks/IconFoundation.framework/Versions/A/IconFoundation
0x00007ff82f328000 	/System/Library/PrivateFrameworks/SpeechRecognitionCore.framework/Versions/A/SpeechRecognitionCore
0x000000010b75f000 	/Library/Java/JavaVirtualMachines/jdk-16.jdk/Contents/Home/lib/server/libjvm.dylib
0x000000010a776000 	/Library/Java/JavaVirtualMachines/jdk-16.jdk/Contents/Home/lib/libjimage.dylib
0x000000010a791000 	/Library/Java/JavaVirtualMachines/jdk-16.jdk/Contents/Home/lib/libinstrument.dylib
0x000000010a7e1000 	/Library/Java/JavaVirtualMachines/jdk-16.jdk/Contents/Home/lib/libjava.dylib
0x000000010b3ed000 	/Library/Java/JavaVirtualMachines/jdk-16.jdk/Contents/Home/lib/libnio.dylib
0x000000010b437000 	/Library/Java/JavaVirtualMachines/jdk-16.jdk/Contents/Home/lib/libnet.dylib
0x000000010b4a0000 	/Library/Java/JavaVirtualMachines/jdk-16.jdk/Contents/Home/lib/libzip.dylib
0x000000012f5f3000 	/Users/bhageshgaur/.openjfx/cache/16/libprism_es2.dylib
0x00007ff820a39000 	/System/Library/PrivateFrameworks/CoreServicesInternal.framework/Versions/A/CoreServicesInternal
0x00007ffa36713000 	/System/Library/Frameworks/OpenGL.framework/Versions/A/Resources/GLEngine.bundle/GLEngine
0x00007ffa36575000 	/System/Library/Frameworks/OpenGL.framework/Versions/A/Libraries/libGLProgrammability.dylib
0x0000000131c45000 	/System/Library/Extensions/AppleMetalOpenGLRenderer.bundle/Contents/MacOS/AppleMetalOpenGLRenderer
0x00007ffa368a2000 	/System/Library/Frameworks/OpenGL.framework/Versions/A/Resources/GLRendererFloat.bundle/GLRendererFloat
0x00007ffa38681000 	/System/Library/Extensions/AGXMetal13_3.bundle/Contents/MacOS/AGXMetal13_3
0x00007ff923dde000 	/System/Library/PrivateFrameworks/GPURawCounter.framework/Versions/A/GPURawCounter
0x00007ff91e95b000 	/System/Library/PrivateFrameworks/IOGPU.framework/Versions/A/IOGPU
0x0000000131e26000 	/Users/bhageshgaur/.openjfx/cache/16/libglass.dylib
0x00007ff830af9000 	/System/Library/Frameworks/FileProvider.framework/Versions/A/FileProvider
0x00007ff824720000 	/System/Library/Frameworks/Accounts.framework/Versions/A/Accounts
0x00007ff830c71000 	/System/Library/PrivateFrameworks/GenerationalStorage.framework/Versions/A/GenerationalStorage
0x00007ff83177e000 	/System/Library/PrivateFrameworks/CoreSymbolication.framework/Versions/A/CoreSymbolication
0x00007ff8304fd000 	/System/Library/PrivateFrameworks/SymptomDiagnosticReporter.framework/Versions/A/SymptomDiagnosticReporter
0x00007ff821cf8000 	/System/Library/PrivateFrameworks/DesktopServicesPriv.framework/Versions/A/DesktopServicesPriv
0x00007ff820b7a000 	/usr/lib/libsandbox.1.dylib
0x00007ff825eea000 	/System/Library/PrivateFrameworks/UserManagement.framework/Versions/A/UserManagement
0x00007ff831743000 	/System/Library/PrivateFrameworks/DebugSymbols.framework/Versions/A/DebugSymbols
0x00007ff82c52f000 	/System/Library/PrivateFrameworks/NetAuth.framework/Versions/A/NetAuth
0x00007ff82d41b000 	/System/Library/PrivateFrameworks/Sharing.framework/Versions/A/Sharing
0x00007ff825ebd000 	/System/Library/PrivateFrameworks/login.framework/Versions/A/Frameworks/loginsupport.framework/Versions/A/loginsupport
0x00007ff83287b000 	/System/Library/PrivateFrameworks/Apple80211.framework/Versions/A/Apple80211
0x00007ff82910c000 	/System/Library/PrivateFrameworks/AuthKit.framework/Versions/A/AuthKit
0x00007ff82876b000 	/System/Library/PrivateFrameworks/CoreUtils.framework/Versions/A/CoreUtils
0x00007ff828692000 	/System/Library/Frameworks/CoreWLAN.framework/Versions/A/CoreWLAN
0x00007ff82d576000 	/System/Library/Frameworks/IOBluetooth.framework/Versions/A/IOBluetooth
0x00007ff8328e3000 	/System/Library/PrivateFrameworks/CoreWiFi.framework/Versions/A/CoreWiFi
0x00007ff831318000 	/System/Library/PrivateFrameworks/FrontBoardServices.framework/Versions/A/FrontBoardServices
0x00007ff8313aa000 	/System/Library/PrivateFrameworks/BoardServices.framework/Versions/A/BoardServices
0x00007ff828985000 	/System/Library/PrivateFrameworks/AssertionServices.framework/Versions/A/AssertionServices
0x00007ff832a67000 	/System/Library/PrivateFrameworks/BackBoardServices.framework/Versions/A/BackBoardServices
0x00007ff82c97b000 	/System/Library/PrivateFrameworks/CorePhoneNumbers.framework/Versions/A/CorePhoneNumbers
0x00007ff83061a000 	/System/Library/PrivateFrameworks/DiskManagement.framework/Versions/A/DiskManagement
0x00007ff83052e000 	/System/Library/PrivateFrameworks/AppleIDAuthSupport.framework/Versions/A/AppleIDAuthSupport
0x00007ffa3d046000 	/System/Library/PrivateFrameworks/AAAFoundation.framework/Versions/A/AAAFoundation
0x00007ff82c95c000 	/System/Library/PrivateFrameworks/KeychainCircle.framework/Versions/A/KeychainCircle
0x00007ff8305e6000 	/System/Library/PrivateFrameworks/MediaKit.framework/Versions/A/MediaKit
0x00007ff83053a000 	/System/Library/Frameworks/DiscRecording.framework/Versions/A/DiscRecording
0x00007ff82a028000 	/usr/lib/libCoreStorage.dylib
0x00007ff832d54000 	/usr/lib/libcsfde.dylib
0x00007ff82d643000 	/System/Library/PrivateFrameworks/ProtectedCloudStorage.framework/Versions/A/ProtectedCloudStorage
0x00007ff832d50000 	/System/Library/PrivateFrameworks/EFILogin.framework/Versions/A/EFILogin
0x00007ff830c97000 	/System/Library/PrivateFrameworks/OctagonTrust.framework/Versions/A/OctagonTrust
0x00007ffb216cd000 	/System/Library/PrivateFrameworks/CoreUtilsExtras.framework/Versions/A/CoreUtilsExtras
0x00007ff83046d000 	/System/Library/Frameworks/CoreBluetooth.framework/Versions/A/CoreBluetooth
0x00007ff8333ca000 	/System/Library/Frameworks/AudioUnit.framework/Versions/A/AudioUnit
0x00007ff82a020000 	/usr/lib/libMatch.1.dylib
0x00007ff928196000 	/System/Library/Frameworks/Accelerate.framework/Versions/A/Frameworks/vImage.framework/Versions/A/Libraries/libCGInterfaces.dylib
0x00000001337a9000 	/usr/lib/libobjc-trampolines.dylib
0x00007ffb33f97000 	/usr/lib/libRosetta.dylib
0x00007ff825be4000 	/System/Library/PrivateFrameworks/ViewBridge.framework/Versions/A/ViewBridge
0x00007ff82a77d000 	/System/Library/PrivateFrameworks/login.framework/Versions/A/login
0x0000000135727000 	/Users/bhageshgaur/.openjfx/cache/16/libjavafx_font.dylib


VM Arguments:
jvm_args: -javaagent:/Applications/IntelliJ IDEA.app/Contents/lib/idea_rt.jar=52236:/Applications/IntelliJ IDEA.app/Contents/bin -Dfile.encoding=UTF-8 --module-path=/Users/bhageshgaur/.m2/repository/eu/hansolo/tilesfx/11.48/tilesfx-11.48.jar:/Users/bhageshgaur/.m2/repository/org/openjfx/javafx-base/16/javafx-base-16-mac.jar:/Users/bhageshgaur/Desktop/gui/target/classes:/Users/bhageshgaur/.m2/repository/org/openjfx/javafx-controls/16/javafx-controls-16-mac.jar:/Users/bhageshgaur/.m2/repository/org/openjfx/javafx-graphics/16/javafx-graphics-16-mac.jar:/Users/bhageshgaur/.m2/repository/org/openjfx/javafx-media/16/javafx-media-16-mac.jar:/Users/bhageshgaur/.m2/repository/org/kordamp/ikonli/ikonli-javafx/12.2.0/ikonli-javafx-12.2.0.jar:/Users/bhageshgaur/.m2/repository/org/controlsfx/controlsfx/11.1.0/controlsfx-11.1.0.jar:/Users/bhageshgaur/.m2/repository/net/synedra/validatorfx/0.1.13/validatorfx-0.1.13.jar:/Users/bhageshgaur/.m2/repository/org/openjfx/javafx-web/16/javafx-web-16-mac.jar:/Users/bhageshgaur/.m2/repository/org/kordamp/ikonli/ikonli-core/12.2.0/ikonli-core-12.2.0.jar:/Users/bhageshgaur/.m2/repository/com/dlsc/formsfx/formsfx-core/11.3.2/formsfx-core-11.3.2.jar:/Users/bhageshgaur/.m2/repository/org/openjfx/javafx-fxml/16/javafx-fxml-16-mac.jar:/Users/bhageshgaur/.m2/repository/org/kordamp/bootstrapfx/bootstrapfx-core/0.4.0/bootstrapfx-core-0.4.0.jar -Djdk.module.main=com.example.gui 
java_command: com.example.gui/com.example.gui.Game
java_class_path (initial): /Users/bhageshgaur/.m2/repository/org/openjfx/javafx-controls/16/javafx-controls-16.jar:/Users/bhageshgaur/.m2/repository/org/openjfx/javafx-graphics/16/javafx-graphics-16.jar:/Users/bhageshgaur/.m2/repository/org/openjfx/javafx-base/16/javafx-base-16.jar:/Users/bhageshgaur/.m2/repository/org/openjfx/javafx-fxml/16/javafx-fxml-16.jar:/Users/bhageshgaur/.m2/repository/org/openjfx/javafx-web/16/javafx-web-16.jar:/Users/bhageshgaur/.m2/repository/org/openjfx/javafx-media/16/javafx-media-16.jar
Launcher Type: SUN_STANDARD

[Global flags]
     intx CICompilerCount                          = 4                                         {product} {ergonomic}
     uint ConcGCThreads                            = 2                                         {product} {ergonomic}
     uint G1ConcRefinementThreads                  = 8                                         {product} {ergonomic}
   size_t G1HeapRegionSize                         = 2097152                                   {product} {ergonomic}
    uintx GCDrainStackTargetSize                   = 64                                        {product} {ergonomic}
   size_t InitialHeapSize                          = 268435456                                 {product} {ergonomic}
   size_t MarkStackSize                            = 4194304                                   {product} {ergonomic}
   size_t MaxHeapSize                              = 4294967296                                {product} {ergonomic}
   size_t MaxNewSize                               = 2575302656                                {product} {ergonomic}
   size_t MinHeapDeltaBytes                        = 2097152                                   {product} {ergonomic}
   size_t MinHeapSize                              = 8388608                                   {product} {ergonomic}
    uintx NonNMethodCodeHeapSize                   = 5839372                                {pd product} {ergonomic}
    uintx NonProfiledCodeHeapSize                  = 122909434                              {pd product} {ergonomic}
    uintx ProfiledCodeHeapSize                     = 122909434                              {pd product} {ergonomic}
    uintx ReservedCodeCacheSize                    = 251658240                              {pd product} {ergonomic}
     bool SegmentedCodeCache                       = true                                      {product} {ergonomic}
   size_t SoftMaxHeapSize                          = 4294967296                             {manageable} {ergonomic}
     bool UseCompressedClassPointers               = true                           {product lp64_product} {ergonomic}
     bool UseCompressedOops                        = true                           {product lp64_product} {ergonomic}
     bool UseG1GC                                  = true                                      {product} {ergonomic}
     bool UseNUMA                                  = false                                     {product} {ergonomic}
     bool UseNUMAInterleaving                      = false                                     {product} {ergonomic}

Logging:
Log output configuration:
 #0: stdout all=warning uptime,level,tags
 #1: stderr all=off uptime,level,tags

Environment Variables:
PATH=/Users/bhageshgaur/opt/anaconda3/bin:/Users/bhageshgaur/opt/anaconda3/condabin:/opt/homebrew/bin:/opt/homebrew/bin:/Library/Frameworks/Python.framework/Versions/3.9/bin:/usr/local/bin:/usr/bin:/bin:/usr/sbin:/sbin
SHELL=/bin/zsh
LC_CTYPE=en_IN.UTF-8

Signal Handlers:
SIGSEGV: [libjvm.dylib+0xa7be40], sa_mask[0]=11100110100111111111111111111111, sa_flags=SA_ONSTACK|SA_RESTART|SA_SIGINFO
SIGBUS: [libjvm.dylib+0xa7be40], sa_mask[0]=11100110100111111111111111111111, sa_flags=SA_RESTART|SA_SIGINFO
SIGFPE: [libjvm.dylib+0xa7be40], sa_mask[0]=11100110100111111111111111111111, sa_flags=SA_RESTART|SA_SIGINFO
SIGPIPE: [libjvm.dylib+0x945d70], sa_mask[0]=11100110100111111111111111111111, sa_flags=SA_RESTART|SA_SIGINFO
SIGXFSZ: [libjvm.dylib+0x945d70], sa_mask[0]=11100110100111111111111111111111, sa_flags=SA_RESTART|SA_SIGINFO
SIGILL: [libjvm.dylib+0xa7be40], sa_mask[0]=11100110100111111111111111111111, sa_flags=SA_RESTART|SA_SIGINFO
SIGUSR2: [libjvm.dylib+0x946820], sa_mask[0]=00100000000000000000000000000000, sa_flags=SA_RESTART|SA_SIGINFO
SIGHUP: [libjvm.dylib+0x944de0], sa_mask[0]=11100110100111111111111111111111, sa_flags=SA_RESTART|SA_SIGINFO
SIGINT: [libjvm.dylib+0x944de0], sa_mask[0]=11100110100111111111111111111111, sa_flags=SA_RESTART|SA_SIGINFO
SIGTERM: [libjvm.dylib+0x944de0], sa_mask[0]=11100110100111111111111111111111, sa_flags=SA_RESTART|SA_SIGINFO
SIGQUIT: [libjvm.dylib+0x944de0], sa_mask[0]=11100110100111111111111111111111, sa_flags=SA_RESTART|SA_SIGINFO
SIGTRAP: [libjvm.dylib+0xa7be40], sa_mask[0]=11100110100111111111111111111111, sa_flags=SA_RESTART|SA_SIGINFO


---------------  S Y S T E M  ---------------

OS:uname: Darwin 21.1.0 Darwin Kernel Version 21.1.0: Wed Oct 13 17:33:24 PDT 2021; root:xnu-8019.41.5~1/RELEASE_ARM64_T8101 x86_64
OS uptime: 2 days 14:45 hours
rlimit (soft/hard): STACK 8176k/65520k , CORE 0k/infinity , NPROC 2666/4000 , NOFILE 10240/infinity , AS infinity/infinity , CPU infinity/infinity , DATA infinity/infinity , FSIZE infinity/infinity , MEMLOCK infinity/infinity , RSS infinity/infinity
load average: 2.44 2.40 2.44

CPU: total 8 (initial active 8) (1 cores per cpu, 1 threads per core) family 6 model 44 stepping 0 microcode 0x0, cx8, cmov, fxsr, mmx, sse, sse2, sse3, ssse3, sse4.1, sse4.2, popcnt, tsc, tscinvbit, aes, clmul, clflush

Memory: 4k page, physical 16777216k(14780k free), swap 1048576k(1027328k free)

vm_info: Java HotSpot(TM) 64-Bit Server VM (16+36-2231) for bsd-amd64 JRE (16+36-2231), built on Feb  8 2021 11:41:03 by "mach5one" with clang 4.2.1 Compatible Apple LLVM 11.0.0 (clang-1100.0.33.17)

END.
